2022/09/28 10:36:12 [24793] building file list
2022/09/28 11:16:34 [24793] .d..t...... ./
2022/09/28 11:27:48 [24793] .d..t...... CMIP6/PMIP/INM/INM-CM4-8/past1000/r1i1p1f1/Amon/rsds/gr1/v20220526/
2022/09/28 11:32:51 [24793] >f+++++++++ CMIP6/PMIP/INM/INM-CM4-8/past1000/r1i1p1f1/Amon/rsds/gr1/v20220526/rsds_Amon_INM-CM4-8_past1000_r1i1p1f1_gr1_095001-104912.nc
2022/09/28 11:35:43 [24793] >f+++++++++ CMIP6/PMIP/INM/INM-CM4-8/past1000/r1i1p1f1/Amon/rsds/gr1/v20220526/rsds_Amon_INM-CM4-8_past1000_r1i1p1f1_gr1_105001-110812.nc
2022/09/28 11:40:34 [24793] >f+++++++++ CMIP6/PMIP/INM/INM-CM4-8/past1000/r1i1p1f1/Amon/rsds/gr1/v20220526/rsds_Amon_INM-CM4-8_past1000_r1i1p1f1_gr1_111001-120912.nc
2022/09/28 11:45:25 [24793] >f+++++++++ CMIP6/PMIP/INM/INM-CM4-8/past1000/r1i1p1f1/Amon/rsds/gr1/v20220526/rsds_Amon_INM-CM4-8_past1000_r1i1p1f1_gr1_121001-130912.nc
2022/09/28 11:50:16 [24793] >f+++++++++ CMIP6/PMIP/INM/INM-CM4-8/past1000/r1i1p1f1/Amon/rsds/gr1/v20220526/rsds_Amon_INM-CM4-8_past1000_r1i1p1f1_gr1_131001-140912.nc
2022/09/28 11:55:07 [24793] >f+++++++++ CMIP6/PMIP/INM/INM-CM4-8/past1000/r1i1p1f1/Amon/rsds/gr1/v20220526/rsds_Amon_INM-CM4-8_past1000_r1i1p1f1_gr1_141001-150912.nc
2022/09/28 11:59:57 [24793] >f+++++++++ CMIP6/PMIP/INM/INM-CM4-8/past1000/r1i1p1f1/Amon/rsds/gr1/v20220526/rsds_Amon_INM-CM4-8_past1000_r1i1p1f1_gr1_151001-160912.nc
2022/09/28 12:01:55 [24793] >f+++++++++ CMIP6/PMIP/INM/INM-CM4-8/past1000/r1i1p1f1/Amon/rsds/gr1/v20220526/rsds_Amon_INM-CM4-8_past1000_r1i1p1f1_gr1_161001-164912.nc
2022/09/28 12:06:45 [24793] >f+++++++++ CMIP6/PMIP/INM/INM-CM4-8/past1000/r1i1p1f1/Amon/rsds/gr1/v20220526/rsds_Amon_INM-CM4-8_past1000_r1i1p1f1_gr1_165001-174912.nc
2022/09/28 12:11:38 [24793] >f+++++++++ CMIP6/PMIP/INM/INM-CM4-8/past1000/r1i1p1f1/Amon/rsds/gr1/v20220526/rsds_Amon_INM-CM4-8_past1000_r1i1p1f1_gr1_175001-184912.nc
2022/09/28 12:11:38 [24793] .d..t...... CMIP6/PMIP/INM/INM-CM4-8/past1000/r1i1p1f1/Amon/rsdscs/
2022/09/28 12:11:38 [24793] .d..t...... CMIP6/PMIP/INM/INM-CM4-8/past1000/r1i1p1f1/Amon/rsdscs/gr1/
2022/09/28 12:16:28 [24793] >f+++++++++ CMIP6/PMIP/INM/INM-CM4-8/past1000/r1i1p1f1/Amon/rsdscs/gr1/v20220526/rsdscs_Amon_INM-CM4-8_past1000_r1i1p1f1_gr1_085001-094912.nc
2022/09/28 12:21:22 [24793] >f+++++++++ CMIP6/PMIP/INM/INM-CM4-8/past1000/r1i1p1f1/Amon/rsdscs/gr1/v20220526/rsdscs_Amon_INM-CM4-8_past1000_r1i1p1f1_gr1_095001-104912.nc
2022/09/28 12:24:14 [24793] >f+++++++++ CMIP6/PMIP/INM/INM-CM4-8/past1000/r1i1p1f1/Amon/rsdscs/gr1/v20220526/rsdscs_Amon_INM-CM4-8_past1000_r1i1p1f1_gr1_105001-110812.nc
2022/09/28 12:29:04 [24793] >f+++++++++ CMIP6/PMIP/INM/INM-CM4-8/past1000/r1i1p1f1/Amon/rsdscs/gr1/v20220526/rsdscs_Amon_INM-CM4-8_past1000_r1i1p1f1_gr1_111001-120912.nc
2022/09/28 12:33:55 [24793] >f+++++++++ CMIP6/PMIP/INM/INM-CM4-8/past1000/r1i1p1f1/Amon/rsdscs/gr1/v20220526/rsdscs_Amon_INM-CM4-8_past1000_r1i1p1f1_gr1_121001-130912.nc
2022/09/28 12:38:47 [24793] >f+++++++++ CMIP6/PMIP/INM/INM-CM4-8/past1000/r1i1p1f1/Amon/rsdscs/gr1/v20220526/rsdscs_Amon_INM-CM4-8_past1000_r1i1p1f1_gr1_131001-140912.nc
2022/09/28 12:43:40 [24793] >f+++++++++ CMIP6/PMIP/INM/INM-CM4-8/past1000/r1i1p1f1/Amon/rsdscs/gr1/v20220526/rsdscs_Amon_INM-CM4-8_past1000_r1i1p1f1_gr1_141001-150912.nc
2022/09/28 12:48:29 [24793] >f+++++++++ CMIP6/PMIP/INM/INM-CM4-8/past1000/r1i1p1f1/Amon/rsdscs/gr1/v20220526/rsdscs_Amon_INM-CM4-8_past1000_r1i1p1f1_gr1_151001-160912.nc
2022/09/28 12:50:27 [24793] >f+++++++++ CMIP6/PMIP/INM/INM-CM4-8/past1000/r1i1p1f1/Amon/rsdscs/gr1/v20220526/rsdscs_Amon_INM-CM4-8_past1000_r1i1p1f1_gr1_161001-164912.nc
2022/09/28 12:55:18 [24793] >f+++++++++ CMIP6/PMIP/INM/INM-CM4-8/past1000/r1i1p1f1/Amon/rsdscs/gr1/v20220526/rsdscs_Amon_INM-CM4-8_past1000_r1i1p1f1_gr1_165001-174912.nc
2022/09/28 13:00:08 [24793] >f+++++++++ CMIP6/PMIP/INM/INM-CM4-8/past1000/r1i1p1f1/Amon/rsdscs/gr1/v20220526/rsdscs_Amon_INM-CM4-8_past1000_r1i1p1f1_gr1_175001-184912.nc
2022/09/28 13:00:08 [24793] .d..t...... CMIP6/PMIP/INM/INM-CM4-8/past1000/r1i1p1f1/Amon/rsdt/
2022/09/28 13:00:08 [24793] .d..t...... CMIP6/PMIP/INM/INM-CM4-8/past1000/r1i1p1f1/Amon/rsdt/gr1/
2022/09/28 13:04:59 [24793] >f+++++++++ CMIP6/PMIP/INM/INM-CM4-8/past1000/r1i1p1f1/Amon/rsdt/gr1/v20220526/rsdt_Amon_INM-CM4-8_past1000_r1i1p1f1_gr1_085001-094912.nc
2022/09/28 13:09:49 [24793] >f+++++++++ CMIP6/PMIP/INM/INM-CM4-8/past1000/r1i1p1f1/Amon/rsdt/gr1/v20220526/rsdt_Amon_INM-CM4-8_past1000_r1i1p1f1_gr1_095001-104912.nc
2022/09/28 13:12:42 [24793] >f+++++++++ CMIP6/PMIP/INM/INM-CM4-8/past1000/r1i1p1f1/Amon/rsdt/gr1/v20220526/rsdt_Amon_INM-CM4-8_past1000_r1i1p1f1_gr1_105001-110812.nc
2022/09/28 13:17:35 [24793] >f+++++++++ CMIP6/PMIP/INM/INM-CM4-8/past1000/r1i1p1f1/Amon/rsdt/gr1/v20220526/rsdt_Amon_INM-CM4-8_past1000_r1i1p1f1_gr1_111001-120912.nc
2022/09/28 13:22:30 [24793] >f+++++++++ CMIP6/PMIP/INM/INM-CM4-8/past1000/r1i1p1f1/Amon/rsdt/gr1/v20220526/rsdt_Amon_INM-CM4-8_past1000_r1i1p1f1_gr1_121001-130912.nc
2022/09/28 13:27:25 [24793] >f+++++++++ CMIP6/PMIP/INM/INM-CM4-8/past1000/r1i1p1f1/Amon/rsdt/gr1/v20220526/rsdt_Amon_INM-CM4-8_past1000_r1i1p1f1_gr1_131001-140912.nc
2022/09/28 13:32:20 [24793] >f+++++++++ CMIP6/PMIP/INM/INM-CM4-8/past1000/r1i1p1f1/Amon/rsdt/gr1/v20220526/rsdt_Amon_INM-CM4-8_past1000_r1i1p1f1_gr1_141001-150912.nc
2022/09/28 13:37:13 [24793] >f+++++++++ CMIP6/PMIP/INM/INM-CM4-8/past1000/r1i1p1f1/Amon/rsdt/gr1/v20220526/rsdt_Amon_INM-CM4-8_past1000_r1i1p1f1_gr1_151001-160912.nc
2022/09/28 13:39:11 [24793] >f+++++++++ CMIP6/PMIP/INM/INM-CM4-8/past1000/r1i1p1f1/Amon/rsdt/gr1/v20220526/rsdt_Amon_INM-CM4-8_past1000_r1i1p1f1_gr1_161001-164912.nc
2022/09/28 13:44:03 [24793] >f+++++++++ CMIP6/PMIP/INM/INM-CM4-8/past1000/r1i1p1f1/Amon/rsdt/gr1/v20220526/rsdt_Amon_INM-CM4-8_past1000_r1i1p1f1_gr1_165001-174912.nc
2022/09/28 13:48:56 [24793] >f+++++++++ CMIP6/PMIP/INM/INM-CM4-8/past1000/r1i1p1f1/Amon/rsdt/gr1/v20220526/rsdt_Amon_INM-CM4-8_past1000_r1i1p1f1_gr1_175001-184912.nc
2022/09/28 13:48:56 [24793] .d..t...... CMIP6/PMIP/INM/INM-CM4-8/past1000/r1i1p1f1/Amon/rsus/
2022/09/28 13:48:56 [24793] .d..t...... CMIP6/PMIP/INM/INM-CM4-8/past1000/r1i1p1f1/Amon/rsus/gr1/
2022/09/28 13:53:46 [24793] >f+++++++++ CMIP6/PMIP/INM/INM-CM4-8/past1000/r1i1p1f1/Amon/rsus/gr1/v20220526/rsus_Amon_INM-CM4-8_past1000_r1i1p1f1_gr1_085001-094912.nc
2022/09/28 13:58:38 [24793] >f+++++++++ CMIP6/PMIP/INM/INM-CM4-8/past1000/r1i1p1f1/Amon/rsus/gr1/v20220526/rsus_Amon_INM-CM4-8_past1000_r1i1p1f1_gr1_095001-104912.nc
2022/09/28 14:01:38 [24793] >f+++++++++ CMIP6/PMIP/INM/INM-CM4-8/past1000/r1i1p1f1/Amon/rsus/gr1/v20220526/rsus_Amon_INM-CM4-8_past1000_r1i1p1f1_gr1_105001-110812.nc
2022/09/28 14:06:36 [24793] >f+++++++++ CMIP6/PMIP/INM/INM-CM4-8/past1000/r1i1p1f1/Amon/rsus/gr1/v20220526/rsus_Amon_INM-CM4-8_past1000_r1i1p1f1_gr1_111001-120912.nc
2022/09/28 14:11:26 [24793] >f+++++++++ CMIP6/PMIP/INM/INM-CM4-8/past1000/r1i1p1f1/Amon/rsus/gr1/v20220526/rsus_Amon_INM-CM4-8_past1000_r1i1p1f1_gr1_121001-130912.nc
2022/09/28 14:16:22 [24793] >f+++++++++ CMIP6/PMIP/INM/INM-CM4-8/past1000/r1i1p1f1/Amon/rsus/gr1/v20220526/rsus_Amon_INM-CM4-8_past1000_r1i1p1f1_gr1_131001-140912.nc
2022/09/28 14:21:12 [24793] >f+++++++++ CMIP6/PMIP/INM/INM-CM4-8/past1000/r1i1p1f1/Amon/rsus/gr1/v20220526/rsus_Amon_INM-CM4-8_past1000_r1i1p1f1_gr1_141001-150912.nc
2022/09/28 14:26:03 [24793] >f+++++++++ CMIP6/PMIP/INM/INM-CM4-8/past1000/r1i1p1f1/Amon/rsus/gr1/v20220526/rsus_Amon_INM-CM4-8_past1000_r1i1p1f1_gr1_151001-160912.nc
2022/09/28 14:28:00 [24793] >f+++++++++ CMIP6/PMIP/INM/INM-CM4-8/past1000/r1i1p1f1/Amon/rsus/gr1/v20220526/rsus_Amon_INM-CM4-8_past1000_r1i1p1f1_gr1_161001-164912.nc
2022/09/28 14:32:57 [24793] >f+++++++++ CMIP6/PMIP/INM/INM-CM4-8/past1000/r1i1p1f1/Amon/rsus/gr1/v20220526/rsus_Amon_INM-CM4-8_past1000_r1i1p1f1_gr1_165001-174912.nc
2022/09/28 14:37:49 [24793] >f+++++++++ CMIP6/PMIP/INM/INM-CM4-8/past1000/r1i1p1f1/Amon/rsus/gr1/v20220526/rsus_Amon_INM-CM4-8_past1000_r1i1p1f1_gr1_175001-184912.nc
2022/09/28 14:37:49 [24793] .d..t...... CMIP6/PMIP/INM/INM-CM4-8/past1000/r1i1p1f1/Amon/rsuscs/
2022/09/28 14:37:49 [24793] .d..t...... CMIP6/PMIP/INM/INM-CM4-8/past1000/r1i1p1f1/Amon/rsuscs/gr1/
2022/09/28 14:42:40 [24793] >f+++++++++ CMIP6/PMIP/INM/INM-CM4-8/past1000/r1i1p1f1/Amon/rsuscs/gr1/v20220526/rsuscs_Amon_INM-CM4-8_past1000_r1i1p1f1_gr1_085001-094912.nc
2022/09/28 14:47:30 [24793] >f+++++++++ CMIP6/PMIP/INM/INM-CM4-8/past1000/r1i1p1f1/Amon/rsuscs/gr1/v20220526/rsuscs_Amon_INM-CM4-8_past1000_r1i1p1f1_gr1_095001-104912.nc
2022/09/28 14:50:22 [24793] >f+++++++++ CMIP6/PMIP/INM/INM-CM4-8/past1000/r1i1p1f1/Amon/rsuscs/gr1/v20220526/rsuscs_Amon_INM-CM4-8_past1000_r1i1p1f1_gr1_105001-110812.nc
2022/09/28 14:55:12 [24793] >f+++++++++ CMIP6/PMIP/INM/INM-CM4-8/past1000/r1i1p1f1/Amon/rsuscs/gr1/v20220526/rsuscs_Amon_INM-CM4-8_past1000_r1i1p1f1_gr1_111001-120912.nc
2022/09/28 15:00:03 [24793] >f+++++++++ CMIP6/PMIP/INM/INM-CM4-8/past1000/r1i1p1f1/Amon/rsuscs/gr1/v20220526/rsuscs_Amon_INM-CM4-8_past1000_r1i1p1f1_gr1_121001-130912.nc
2022/09/28 15:04:57 [24793] >f+++++++++ CMIP6/PMIP/INM/INM-CM4-8/past1000/r1i1p1f1/Amon/rsuscs/gr1/v20220526/rsuscs_Amon_INM-CM4-8_past1000_r1i1p1f1_gr1_131001-140912.nc
2022/09/28 15:09:48 [24793] >f+++++++++ CMIP6/PMIP/INM/INM-CM4-8/past1000/r1i1p1f1/Amon/rsuscs/gr1/v20220526/rsuscs_Amon_INM-CM4-8_past1000_r1i1p1f1_gr1_141001-150912.nc
2022/09/28 15:14:43 [24793] >f+++++++++ CMIP6/PMIP/INM/INM-CM4-8/past1000/r1i1p1f1/Amon/rsuscs/gr1/v20220526/rsuscs_Amon_INM-CM4-8_past1000_r1i1p1f1_gr1_151001-160912.nc
2022/09/28 15:16:42 [24793] >f+++++++++ CMIP6/PMIP/INM/INM-CM4-8/past1000/r1i1p1f1/Amon/rsuscs/gr1/v20220526/rsuscs_Amon_INM-CM4-8_past1000_r1i1p1f1_gr1_161001-164912.nc
2022/09/28 15:21:39 [24793] >f+++++++++ CMIP6/PMIP/INM/INM-CM4-8/past1000/r1i1p1f1/Amon/rsuscs/gr1/v20220526/rsuscs_Amon_INM-CM4-8_past1000_r1i1p1f1_gr1_165001-174912.nc
2022/09/28 15:26:34 [24793] >f+++++++++ CMIP6/PMIP/INM/INM-CM4-8/past1000/r1i1p1f1/Amon/rsuscs/gr1/v20220526/rsuscs_Amon_INM-CM4-8_past1000_r1i1p1f1_gr1_175001-184912.nc
2022/09/28 15:26:34 [24793] .d..t...... CMIP6/PMIP/INM/INM-CM4-8/past1000/r1i1p1f1/Amon/rsut/
2022/09/28 15:26:34 [24793] .d..t...... CMIP6/PMIP/INM/INM-CM4-8/past1000/r1i1p1f1/Amon/rsut/gr1/
2022/09/28 15:31:33 [24793] >f+++++++++ CMIP6/PMIP/INM/INM-CM4-8/past1000/r1i1p1f1/Amon/rsut/gr1/v20220526/rsut_Amon_INM-CM4-8_past1000_r1i1p1f1_gr1_085001-094912.nc
2022/09/28 15:36:35 [24793] >f+++++++++ CMIP6/PMIP/INM/INM-CM4-8/past1000/r1i1p1f1/Amon/rsut/gr1/v20220526/rsut_Amon_INM-CM4-8_past1000_r1i1p1f1_gr1_095001-104912.nc
2022/09/28 15:39:38 [24793] >f+++++++++ CMIP6/PMIP/INM/INM-CM4-8/past1000/r1i1p1f1/Amon/rsut/gr1/v20220526/rsut_Amon_INM-CM4-8_past1000_r1i1p1f1_gr1_105001-110812.nc
2022/09/28 15:44:34 [24793] >f+++++++++ CMIP6/PMIP/INM/INM-CM4-8/past1000/r1i1p1f1/Amon/rsut/gr1/v20220526/rsut_Amon_INM-CM4-8_past1000_r1i1p1f1_gr1_111001-120912.nc
2022/09/28 15:49:34 [24793] >f+++++++++ CMIP6/PMIP/INM/INM-CM4-8/past1000/r1i1p1f1/Amon/rsut/gr1/v20220526/rsut_Amon_INM-CM4-8_past1000_r1i1p1f1_gr1_121001-130912.nc
2022/09/28 15:54:57 [24793] >f+++++++++ CMIP6/PMIP/INM/INM-CM4-8/past1000/r1i1p1f1/Amon/rsut/gr1/v20220526/rsut_Amon_INM-CM4-8_past1000_r1i1p1f1_gr1_131001-140912.nc
2022/09/28 15:59:55 [24793] >f+++++++++ CMIP6/PMIP/INM/INM-CM4-8/past1000/r1i1p1f1/Amon/rsut/gr1/v20220526/rsut_Amon_INM-CM4-8_past1000_r1i1p1f1_gr1_141001-150912.nc
2022/09/28 16:04:56 [24793] >f+++++++++ CMIP6/PMIP/INM/INM-CM4-8/past1000/r1i1p1f1/Amon/rsut/gr1/v20220526/rsut_Amon_INM-CM4-8_past1000_r1i1p1f1_gr1_151001-160912.nc
2022/09/28 16:06:58 [24793] >f+++++++++ CMIP6/PMIP/INM/INM-CM4-8/past1000/r1i1p1f1/Amon/rsut/gr1/v20220526/rsut_Amon_INM-CM4-8_past1000_r1i1p1f1_gr1_161001-164912.nc
2022/09/28 16:13:57 [24793] >f+++++++++ CMIP6/PMIP/INM/INM-CM4-8/past1000/r1i1p1f1/Amon/rsut/gr1/v20220526/rsut_Amon_INM-CM4-8_past1000_r1i1p1f1_gr1_165001-174912.nc
2022/09/28 16:20:35 [24793] >f+++++++++ CMIP6/PMIP/INM/INM-CM4-8/past1000/r1i1p1f1/Amon/rsut/gr1/v20220526/rsut_Amon_INM-CM4-8_past1000_r1i1p1f1_gr1_175001-184912.nc
2022/09/28 16:20:35 [24793] .d..t...... CMIP6/PMIP/INM/INM-CM4-8/past1000/r1i1p1f1/Amon/rsutcs/
2022/09/28 16:20:35 [24793] .d..t...... CMIP6/PMIP/INM/INM-CM4-8/past1000/r1i1p1f1/Amon/rsutcs/gr1/
2022/09/28 16:27:17 [24793] >f+++++++++ CMIP6/PMIP/INM/INM-CM4-8/past1000/r1i1p1f1/Amon/rsutcs/gr1/v20220526/rsutcs_Amon_INM-CM4-8_past1000_r1i1p1f1_gr1_085001-094912.nc
2022/09/28 16:34:52 [24793] >f+++++++++ CMIP6/PMIP/INM/INM-CM4-8/past1000/r1i1p1f1/Amon/rsutcs/gr1/v20220526/rsutcs_Amon_INM-CM4-8_past1000_r1i1p1f1_gr1_095001-104912.nc
2022/09/28 16:39:34 [24793] >f+++++++++ CMIP6/PMIP/INM/INM-CM4-8/past1000/r1i1p1f1/Amon/rsutcs/gr1/v20220526/rsutcs_Amon_INM-CM4-8_past1000_r1i1p1f1_gr1_105001-110812.nc
2022/09/28 16:47:14 [24793] >f+++++++++ CMIP6/PMIP/INM/INM-CM4-8/past1000/r1i1p1f1/Amon/rsutcs/gr1/v20220526/rsutcs_Amon_INM-CM4-8_past1000_r1i1p1f1_gr1_111001-120912.nc
2022/09/28 16:54:18 [24793] >f+++++++++ CMIP6/PMIP/INM/INM-CM4-8/past1000/r1i1p1f1/Amon/rsutcs/gr1/v20220526/rsutcs_Amon_INM-CM4-8_past1000_r1i1p1f1_gr1_121001-130912.nc
2022/09/28 17:01:26 [24793] >f+++++++++ CMIP6/PMIP/INM/INM-CM4-8/past1000/r1i1p1f1/Amon/rsutcs/gr1/v20220526/rsutcs_Amon_INM-CM4-8_past1000_r1i1p1f1_gr1_131001-140912.nc
2022/09/28 17:07:52 [24793] >f+++++++++ CMIP6/PMIP/INM/INM-CM4-8/past1000/r1i1p1f1/Amon/rsutcs/gr1/v20220526/rsutcs_Amon_INM-CM4-8_past1000_r1i1p1f1_gr1_141001-150912.nc
2022/09/28 17:15:00 [24793] >f+++++++++ CMIP6/PMIP/INM/INM-CM4-8/past1000/r1i1p1f1/Amon/rsutcs/gr1/v20220526/rsutcs_Amon_INM-CM4-8_past1000_r1i1p1f1_gr1_151001-160912.nc
2022/09/28 17:17:33 [24793] >f+++++++++ CMIP6/PMIP/INM/INM-CM4-8/past1000/r1i1p1f1/Amon/rsutcs/gr1/v20220526/rsutcs_Amon_INM-CM4-8_past1000_r1i1p1f1_gr1_161001-164912.nc
2022/09/28 17:23:02 [24793] >f+++++++++ CMIP6/PMIP/INM/INM-CM4-8/past1000/r1i1p1f1/Amon/rsutcs/gr1/v20220526/rsutcs_Amon_INM-CM4-8_past1000_r1i1p1f1_gr1_165001-174912.nc
2022/09/28 17:29:50 [24793] >f+++++++++ CMIP6/PMIP/INM/INM-CM4-8/past1000/r1i1p1f1/Amon/rsutcs/gr1/v20220526/rsutcs_Amon_INM-CM4-8_past1000_r1i1p1f1_gr1_175001-184912.nc
2022/09/28 17:29:50 [24793] .d..t...... CMIP6/PMIP/INM/INM-CM4-8/past1000/r1i1p1f1/Amon/rtmt/
2022/09/28 17:29:50 [24793] .d..t...... CMIP6/PMIP/INM/INM-CM4-8/past1000/r1i1p1f1/Amon/rtmt/gr1/
2022/09/28 17:37:23 [24793] >f+++++++++ CMIP6/PMIP/INM/INM-CM4-8/past1000/r1i1p1f1/Amon/rtmt/gr1/v20220526/rtmt_Amon_INM-CM4-8_past1000_r1i1p1f1_gr1_085001-094912.nc
2022/09/28 17:43:45 [24793] >f+++++++++ CMIP6/PMIP/INM/INM-CM4-8/past1000/r1i1p1f1/Amon/rtmt/gr1/v20220526/rtmt_Amon_INM-CM4-8_past1000_r1i1p1f1_gr1_095001-104912.nc
2022/09/28 17:48:30 [24793] >f+++++++++ CMIP6/PMIP/INM/INM-CM4-8/past1000/r1i1p1f1/Amon/rtmt/gr1/v20220526/rtmt_Amon_INM-CM4-8_past1000_r1i1p1f1_gr1_105001-110812.nc
2022/09/28 17:57:45 [24793] >f+++++++++ CMIP6/PMIP/INM/INM-CM4-8/past1000/r1i1p1f1/Amon/rtmt/gr1/v20220526/rtmt_Amon_INM-CM4-8_past1000_r1i1p1f1_gr1_111001-120912.nc
2022/09/28 18:07:34 [24793] >f+++++++++ CMIP6/PMIP/INM/INM-CM4-8/past1000/r1i1p1f1/Amon/rtmt/gr1/v20220526/rtmt_Amon_INM-CM4-8_past1000_r1i1p1f1_gr1_121001-130912.nc
2022/09/28 18:17:40 [24793] >f+++++++++ CMIP6/PMIP/INM/INM-CM4-8/past1000/r1i1p1f1/Amon/rtmt/gr1/v20220526/rtmt_Amon_INM-CM4-8_past1000_r1i1p1f1_gr1_131001-140912.nc
2022/09/28 18:26:45 [24793] >f+++++++++ CMIP6/PMIP/INM/INM-CM4-8/past1000/r1i1p1f1/Amon/rtmt/gr1/v20220526/rtmt_Amon_INM-CM4-8_past1000_r1i1p1f1_gr1_141001-150912.nc
2022/09/28 18:35:08 [24793] >f+++++++++ CMIP6/PMIP/INM/INM-CM4-8/past1000/r1i1p1f1/Amon/rtmt/gr1/v20220526/rtmt_Amon_INM-CM4-8_past1000_r1i1p1f1_gr1_151001-160912.nc
2022/09/28 18:38:44 [24793] >f+++++++++ CMIP6/PMIP/INM/INM-CM4-8/past1000/r1i1p1f1/Amon/rtmt/gr1/v20220526/rtmt_Amon_INM-CM4-8_past1000_r1i1p1f1_gr1_161001-164912.nc
2022/09/28 18:48:40 [24793] >f+++++++++ CMIP6/PMIP/INM/INM-CM4-8/past1000/r1i1p1f1/Amon/rtmt/gr1/v20220526/rtmt_Amon_INM-CM4-8_past1000_r1i1p1f1_gr1_165001-174912.nc
2022/09/28 19:01:17 [24793] >f+++++++++ CMIP6/PMIP/INM/INM-CM4-8/past1000/r1i1p1f1/Amon/rtmt/gr1/v20220526/rtmt_Amon_INM-CM4-8_past1000_r1i1p1f1_gr1_175001-184912.nc
2022/09/28 19:01:17 [24793] .d..t...... CMIP6/PMIP/INM/INM-CM4-8/past1000/r1i1p1f1/Amon/sbl/
2022/09/28 19:01:17 [24793] .d..t...... CMIP6/PMIP/INM/INM-CM4-8/past1000/r1i1p1f1/Amon/sbl/gr1/
2022/09/28 19:12:49 [24793] >f+++++++++ CMIP6/PMIP/INM/INM-CM4-8/past1000/r1i1p1f1/Amon/sbl/gr1/v20220526/sbl_Amon_INM-CM4-8_past1000_r1i1p1f1_gr1_085001-094912.nc
2022/09/28 19:23:51 [24793] >f+++++++++ CMIP6/PMIP/INM/INM-CM4-8/past1000/r1i1p1f1/Amon/sbl/gr1/v20220526/sbl_Amon_INM-CM4-8_past1000_r1i1p1f1_gr1_095001-104912.nc
2022/09/28 19:30:30 [24793] >f+++++++++ CMIP6/PMIP/INM/INM-CM4-8/past1000/r1i1p1f1/Amon/sbl/gr1/v20220526/sbl_Amon_INM-CM4-8_past1000_r1i1p1f1_gr1_105001-110812.nc
2022/09/28 19:40:07 [24793] >f+++++++++ CMIP6/PMIP/INM/INM-CM4-8/past1000/r1i1p1f1/Amon/sbl/gr1/v20220526/sbl_Amon_INM-CM4-8_past1000_r1i1p1f1_gr1_111001-120912.nc
2022/09/28 19:49:02 [24793] >f+++++++++ CMIP6/PMIP/INM/INM-CM4-8/past1000/r1i1p1f1/Amon/sbl/gr1/v20220526/sbl_Amon_INM-CM4-8_past1000_r1i1p1f1_gr1_121001-130912.nc
2022/09/28 19:57:47 [24793] >f+++++++++ CMIP6/PMIP/INM/INM-CM4-8/past1000/r1i1p1f1/Amon/sbl/gr1/v20220526/sbl_Amon_INM-CM4-8_past1000_r1i1p1f1_gr1_131001-140912.nc
2022/09/28 20:05:33 [24793] >f+++++++++ CMIP6/PMIP/INM/INM-CM4-8/past1000/r1i1p1f1/Amon/sbl/gr1/v20220526/sbl_Amon_INM-CM4-8_past1000_r1i1p1f1_gr1_141001-150912.nc
2022/09/28 20:13:22 [24793] >f+++++++++ CMIP6/PMIP/INM/INM-CM4-8/past1000/r1i1p1f1/Amon/sbl/gr1/v20220526/sbl_Amon_INM-CM4-8_past1000_r1i1p1f1_gr1_151001-160912.nc
2022/09/28 20:17:11 [24793] >f+++++++++ CMIP6/PMIP/INM/INM-CM4-8/past1000/r1i1p1f1/Amon/sbl/gr1/v20220526/sbl_Amon_INM-CM4-8_past1000_r1i1p1f1_gr1_161001-164912.nc
2022/09/28 20:25:18 [24793] >f+++++++++ CMIP6/PMIP/INM/INM-CM4-8/past1000/r1i1p1f1/Amon/sbl/gr1/v20220526/sbl_Amon_INM-CM4-8_past1000_r1i1p1f1_gr1_165001-174912.nc
2022/09/28 20:32:43 [24793] >f+++++++++ CMIP6/PMIP/INM/INM-CM4-8/past1000/r1i1p1f1/Amon/sbl/gr1/v20220526/sbl_Amon_INM-CM4-8_past1000_r1i1p1f1_gr1_175001-184912.nc
2022/09/28 20:32:43 [24793] .d..t...... CMIP6/PMIP/INM/INM-CM4-8/past1000/r1i1p1f1/Amon/sci/
2022/09/28 20:32:43 [24793] .d..t...... CMIP6/PMIP/INM/INM-CM4-8/past1000/r1i1p1f1/Amon/sci/gr1/
2022/09/28 20:38:42 [24793] >f+++++++++ CMIP6/PMIP/INM/INM-CM4-8/past1000/r1i1p1f1/Amon/sci/gr1/v20220526/sci_Amon_INM-CM4-8_past1000_r1i1p1f1_gr1_085001-094912.nc
2022/09/28 20:44:53 [24793] >f+++++++++ CMIP6/PMIP/INM/INM-CM4-8/past1000/r1i1p1f1/Amon/sci/gr1/v20220526/sci_Amon_INM-CM4-8_past1000_r1i1p1f1_gr1_095001-104912.nc
2022/09/28 20:48:21 [24793] >f+++++++++ CMIP6/PMIP/INM/INM-CM4-8/past1000/r1i1p1f1/Amon/sci/gr1/v20220526/sci_Amon_INM-CM4-8_past1000_r1i1p1f1_gr1_105001-110812.nc
2022/09/28 20:53:19 [24793] >f+++++++++ CMIP6/PMIP/INM/INM-CM4-8/past1000/r1i1p1f1/Amon/sci/gr1/v20220526/sci_Amon_INM-CM4-8_past1000_r1i1p1f1_gr1_111001-120912.nc
2022/09/28 20:58:10 [24793] >f+++++++++ CMIP6/PMIP/INM/INM-CM4-8/past1000/r1i1p1f1/Amon/sci/gr1/v20220526/sci_Amon_INM-CM4-8_past1000_r1i1p1f1_gr1_121001-130912.nc
2022/09/28 21:03:01 [24793] >f+++++++++ CMIP6/PMIP/INM/INM-CM4-8/past1000/r1i1p1f1/Amon/sci/gr1/v20220526/sci_Amon_INM-CM4-8_past1000_r1i1p1f1_gr1_131001-140912.nc
2022/09/28 21:07:51 [24793] >f+++++++++ CMIP6/PMIP/INM/INM-CM4-8/past1000/r1i1p1f1/Amon/sci/gr1/v20220526/sci_Amon_INM-CM4-8_past1000_r1i1p1f1_gr1_141001-150912.nc
2022/09/28 21:12:43 [24793] >f+++++++++ CMIP6/PMIP/INM/INM-CM4-8/past1000/r1i1p1f1/Amon/sci/gr1/v20220526/sci_Amon_INM-CM4-8_past1000_r1i1p1f1_gr1_151001-160912.nc
2022/09/28 21:14:41 [24793] >f+++++++++ CMIP6/PMIP/INM/INM-CM4-8/past1000/r1i1p1f1/Amon/sci/gr1/v20220526/sci_Amon_INM-CM4-8_past1000_r1i1p1f1_gr1_161001-164912.nc
2022/09/28 21:19:34 [24793] >f+++++++++ CMIP6/PMIP/INM/INM-CM4-8/past1000/r1i1p1f1/Amon/sci/gr1/v20220526/sci_Amon_INM-CM4-8_past1000_r1i1p1f1_gr1_165001-174912.nc
2022/09/28 21:24:27 [24793] >f+++++++++ CMIP6/PMIP/INM/INM-CM4-8/past1000/r1i1p1f1/Amon/sci/gr1/v20220526/sci_Amon_INM-CM4-8_past1000_r1i1p1f1_gr1_175001-184912.nc
2022/09/28 21:24:27 [24793] .d..t...... CMIP6/PMIP/INM/INM-CM4-8/past1000/r1i1p1f1/Amon/sfcWind/
2022/09/28 21:24:27 [24793] .d..t...... CMIP6/PMIP/INM/INM-CM4-8/past1000/r1i1p1f1/Amon/sfcWind/gr1/
2022/09/28 21:29:18 [24793] >f+++++++++ CMIP6/PMIP/INM/INM-CM4-8/past1000/r1i1p1f1/Amon/sfcWind/gr1/v20220526/sfcWind_Amon_INM-CM4-8_past1000_r1i1p1f1_gr1_085001-094912.nc
2022/09/28 21:34:12 [24793] >f+++++++++ CMIP6/PMIP/INM/INM-CM4-8/past1000/r1i1p1f1/Amon/sfcWind/gr1/v20220526/sfcWind_Amon_INM-CM4-8_past1000_r1i1p1f1_gr1_095001-104912.nc
2022/09/28 21:37:05 [24793] >f+++++++++ CMIP6/PMIP/INM/INM-CM4-8/past1000/r1i1p1f1/Amon/sfcWind/gr1/v20220526/sfcWind_Amon_INM-CM4-8_past1000_r1i1p1f1_gr1_105001-110812.nc
2022/09/28 21:42:01 [24793] >f+++++++++ CMIP6/PMIP/INM/INM-CM4-8/past1000/r1i1p1f1/Amon/sfcWind/gr1/v20220526/sfcWind_Amon_INM-CM4-8_past1000_r1i1p1f1_gr1_111001-120912.nc
2022/09/28 21:46:51 [24793] >f+++++++++ CMIP6/PMIP/INM/INM-CM4-8/past1000/r1i1p1f1/Amon/sfcWind/gr1/v20220526/sfcWind_Amon_INM-CM4-8_past1000_r1i1p1f1_gr1_121001-130912.nc
2022/09/28 21:51:42 [24793] >f+++++++++ CMIP6/PMIP/INM/INM-CM4-8/past1000/r1i1p1f1/Amon/sfcWind/gr1/v20220526/sfcWind_Amon_INM-CM4-8_past1000_r1i1p1f1_gr1_131001-140912.nc
2022/09/28 21:56:33 [24793] >f+++++++++ CMIP6/PMIP/INM/INM-CM4-8/past1000/r1i1p1f1/Amon/sfcWind/gr1/v20220526/sfcWind_Amon_INM-CM4-8_past1000_r1i1p1f1_gr1_141001-150912.nc
2022/09/28 22:01:23 [24793] >f+++++++++ CMIP6/PMIP/INM/INM-CM4-8/past1000/r1i1p1f1/Amon/sfcWind/gr1/v20220526/sfcWind_Amon_INM-CM4-8_past1000_r1i1p1f1_gr1_151001-160912.nc
2022/09/28 22:03:21 [24793] >f+++++++++ CMIP6/PMIP/INM/INM-CM4-8/past1000/r1i1p1f1/Amon/sfcWind/gr1/v20220526/sfcWind_Amon_INM-CM4-8_past1000_r1i1p1f1_gr1_161001-164912.nc
2022/09/28 22:08:11 [24793] >f+++++++++ CMIP6/PMIP/INM/INM-CM4-8/past1000/r1i1p1f1/Amon/sfcWind/gr1/v20220526/sfcWind_Amon_INM-CM4-8_past1000_r1i1p1f1_gr1_165001-174912.nc
2022/09/28 22:13:00 [24793] >f+++++++++ CMIP6/PMIP/INM/INM-CM4-8/past1000/r1i1p1f1/Amon/sfcWind/gr1/v20220526/sfcWind_Amon_INM-CM4-8_past1000_r1i1p1f1_gr1_175001-184912.nc
2022/09/28 22:13:00 [24793] .d..t...... CMIP6/PMIP/INM/INM-CM4-8/past1000/r1i1p1f1/Amon/tas/
2022/09/28 22:13:00 [24793] .d..t...... CMIP6/PMIP/INM/INM-CM4-8/past1000/r1i1p1f1/Amon/tas/gr1/
2022/09/28 22:17:50 [24793] >f+++++++++ CMIP6/PMIP/INM/INM-CM4-8/past1000/r1i1p1f1/Amon/tas/gr1/v20220526/tas_Amon_INM-CM4-8_past1000_r1i1p1f1_gr1_085001-094912.nc
2022/09/28 22:22:41 [24793] >f+++++++++ CMIP6/PMIP/INM/INM-CM4-8/past1000/r1i1p1f1/Amon/tas/gr1/v20220526/tas_Amon_INM-CM4-8_past1000_r1i1p1f1_gr1_095001-104912.nc
2022/09/28 22:25:33 [24793] >f+++++++++ CMIP6/PMIP/INM/INM-CM4-8/past1000/r1i1p1f1/Amon/tas/gr1/v20220526/tas_Amon_INM-CM4-8_past1000_r1i1p1f1_gr1_105001-110812.nc
2022/09/28 22:30:23 [24793] >f+++++++++ CMIP6/PMIP/INM/INM-CM4-8/past1000/r1i1p1f1/Amon/tas/gr1/v20220526/tas_Amon_INM-CM4-8_past1000_r1i1p1f1_gr1_111001-120912.nc
2022/09/28 22:35:18 [24793] >f+++++++++ CMIP6/PMIP/INM/INM-CM4-8/past1000/r1i1p1f1/Amon/tas/gr1/v20220526/tas_Amon_INM-CM4-8_past1000_r1i1p1f1_gr1_121001-130912.nc
2022/09/28 22:40:11 [24793] >f+++++++++ CMIP6/PMIP/INM/INM-CM4-8/past1000/r1i1p1f1/Amon/tas/gr1/v20220526/tas_Amon_INM-CM4-8_past1000_r1i1p1f1_gr1_131001-140912.nc
2022/09/28 22:45:01 [24793] >f+++++++++ CMIP6/PMIP/INM/INM-CM4-8/past1000/r1i1p1f1/Amon/tas/gr1/v20220526/tas_Amon_INM-CM4-8_past1000_r1i1p1f1_gr1_141001-150912.nc
2022/09/28 22:49:51 [24793] >f+++++++++ CMIP6/PMIP/INM/INM-CM4-8/past1000/r1i1p1f1/Amon/tas/gr1/v20220526/tas_Amon_INM-CM4-8_past1000_r1i1p1f1_gr1_151001-160912.nc
2022/09/28 22:51:49 [24793] >f+++++++++ CMIP6/PMIP/INM/INM-CM4-8/past1000/r1i1p1f1/Amon/tas/gr1/v20220526/tas_Amon_INM-CM4-8_past1000_r1i1p1f1_gr1_161001-164912.nc
2022/09/28 22:56:39 [24793] >f+++++++++ CMIP6/PMIP/INM/INM-CM4-8/past1000/r1i1p1f1/Amon/tas/gr1/v20220526/tas_Amon_INM-CM4-8_past1000_r1i1p1f1_gr1_165001-174912.nc
2022/09/28 23:01:29 [24793] >f+++++++++ CMIP6/PMIP/INM/INM-CM4-8/past1000/r1i1p1f1/Amon/tas/gr1/v20220526/tas_Amon_INM-CM4-8_past1000_r1i1p1f1_gr1_175001-184912.nc
2022/09/28 23:01:29 [24793] .d..t...... CMIP6/PMIP/INM/INM-CM4-8/past1000/r1i1p1f1/Amon/tasmax/
2022/09/28 23:01:29 [24793] .d..t...... CMIP6/PMIP/INM/INM-CM4-8/past1000/r1i1p1f1/Amon/tasmax/gr1/
2022/09/28 23:06:24 [24793] >f+++++++++ CMIP6/PMIP/INM/INM-CM4-8/past1000/r1i1p1f1/Amon/tasmax/gr1/v20220526/tasmax_Amon_INM-CM4-8_past1000_r1i1p1f1_gr1_085001-094912.nc
2022/09/28 23:11:19 [24793] >f+++++++++ CMIP6/PMIP/INM/INM-CM4-8/past1000/r1i1p1f1/Amon/tasmax/gr1/v20220526/tasmax_Amon_INM-CM4-8_past1000_r1i1p1f1_gr1_095001-104912.nc
2022/09/28 23:14:11 [24793] >f+++++++++ CMIP6/PMIP/INM/INM-CM4-8/past1000/r1i1p1f1/Amon/tasmax/gr1/v20220526/tasmax_Amon_INM-CM4-8_past1000_r1i1p1f1_gr1_105001-110812.nc
2022/09/28 23:19:06 [24793] >f+++++++++ CMIP6/PMIP/INM/INM-CM4-8/past1000/r1i1p1f1/Amon/tasmax/gr1/v20220526/tasmax_Amon_INM-CM4-8_past1000_r1i1p1f1_gr1_111001-120912.nc
2022/09/28 23:23:59 [24793] >f+++++++++ CMIP6/PMIP/INM/INM-CM4-8/past1000/r1i1p1f1/Amon/tasmax/gr1/v20220526/tasmax_Amon_INM-CM4-8_past1000_r1i1p1f1_gr1_121001-130912.nc
2022/09/28 23:29:00 [24793] >f+++++++++ CMIP6/PMIP/INM/INM-CM4-8/past1000/r1i1p1f1/Amon/tasmax/gr1/v20220526/tasmax_Amon_INM-CM4-8_past1000_r1i1p1f1_gr1_131001-140912.nc
2022/09/28 23:33:52 [24793] >f+++++++++ CMIP6/PMIP/INM/INM-CM4-8/past1000/r1i1p1f1/Amon/tasmax/gr1/v20220526/tasmax_Amon_INM-CM4-8_past1000_r1i1p1f1_gr1_141001-150912.nc
2022/09/28 23:38:46 [24793] >f+++++++++ CMIP6/PMIP/INM/INM-CM4-8/past1000/r1i1p1f1/Amon/tasmax/gr1/v20220526/tasmax_Amon_INM-CM4-8_past1000_r1i1p1f1_gr1_151001-160912.nc
2022/09/28 23:40:43 [24793] >f+++++++++ CMIP6/PMIP/INM/INM-CM4-8/past1000/r1i1p1f1/Amon/tasmax/gr1/v20220526/tasmax_Amon_INM-CM4-8_past1000_r1i1p1f1_gr1_161001-164912.nc
2022/09/28 23:45:34 [24793] >f+++++++++ CMIP6/PMIP/INM/INM-CM4-8/past1000/r1i1p1f1/Amon/tasmax/gr1/v20220526/tasmax_Amon_INM-CM4-8_past1000_r1i1p1f1_gr1_165001-174912.nc
2022/09/28 23:50:25 [24793] >f+++++++++ CMIP6/PMIP/INM/INM-CM4-8/past1000/r1i1p1f1/Amon/tasmax/gr1/v20220526/tasmax_Amon_INM-CM4-8_past1000_r1i1p1f1_gr1_175001-184912.nc
2022/09/28 23:50:25 [24793] .d..t...... CMIP6/PMIP/INM/INM-CM4-8/past1000/r1i1p1f1/Amon/tasmin/
2022/09/28 23:50:25 [24793] .d..t...... CMIP6/PMIP/INM/INM-CM4-8/past1000/r1i1p1f1/Amon/tasmin/gr1/
2022/09/28 23:55:21 [24793] >f+++++++++ CMIP6/PMIP/INM/INM-CM4-8/past1000/r1i1p1f1/Amon/tasmin/gr1/v20220526/tasmin_Amon_INM-CM4-8_past1000_r1i1p1f1_gr1_085001-094912.nc
2022/09/29 00:00:10 [24793] >f+++++++++ CMIP6/PMIP/INM/INM-CM4-8/past1000/r1i1p1f1/Amon/tasmin/gr1/v20220526/tasmin_Amon_INM-CM4-8_past1000_r1i1p1f1_gr1_095001-104912.nc
2022/09/29 00:03:03 [24793] >f+++++++++ CMIP6/PMIP/INM/INM-CM4-8/past1000/r1i1p1f1/Amon/tasmin/gr1/v20220526/tasmin_Amon_INM-CM4-8_past1000_r1i1p1f1_gr1_105001-110812.nc
2022/09/29 00:07:54 [24793] >f+++++++++ CMIP6/PMIP/INM/INM-CM4-8/past1000/r1i1p1f1/Amon/tasmin/gr1/v20220526/tasmin_Amon_INM-CM4-8_past1000_r1i1p1f1_gr1_111001-120912.nc
2022/09/29 00:12:47 [24793] >f+++++++++ CMIP6/PMIP/INM/INM-CM4-8/past1000/r1i1p1f1/Amon/tasmin/gr1/v20220526/tasmin_Amon_INM-CM4-8_past1000_r1i1p1f1_gr1_121001-130912.nc
2022/09/29 00:17:37 [24793] >f+++++++++ CMIP6/PMIP/INM/INM-CM4-8/past1000/r1i1p1f1/Amon/tasmin/gr1/v20220526/tasmin_Amon_INM-CM4-8_past1000_r1i1p1f1_gr1_131001-140912.nc
2022/09/29 00:22:27 [24793] >f+++++++++ CMIP6/PMIP/INM/INM-CM4-8/past1000/r1i1p1f1/Amon/tasmin/gr1/v20220526/tasmin_Amon_INM-CM4-8_past1000_r1i1p1f1_gr1_141001-150912.nc
2022/09/29 00:27:19 [24793] >f+++++++++ CMIP6/PMIP/INM/INM-CM4-8/past1000/r1i1p1f1/Amon/tasmin/gr1/v20220526/tasmin_Amon_INM-CM4-8_past1000_r1i1p1f1_gr1_151001-160912.nc
2022/09/29 00:29:17 [24793] >f+++++++++ CMIP6/PMIP/INM/INM-CM4-8/past1000/r1i1p1f1/Amon/tasmin/gr1/v20220526/tasmin_Amon_INM-CM4-8_past1000_r1i1p1f1_gr1_161001-164912.nc
2022/09/29 00:34:07 [24793] >f+++++++++ CMIP6/PMIP/INM/INM-CM4-8/past1000/r1i1p1f1/Amon/tasmin/gr1/v20220526/tasmin_Amon_INM-CM4-8_past1000_r1i1p1f1_gr1_165001-174912.nc
2022/09/29 00:38:58 [24793] >f+++++++++ CMIP6/PMIP/INM/INM-CM4-8/past1000/r1i1p1f1/Amon/tasmin/gr1/v20220526/tasmin_Amon_INM-CM4-8_past1000_r1i1p1f1_gr1_175001-184912.nc
2022/09/29 00:38:58 [24793] .d..t...... CMIP6/PMIP/INM/INM-CM4-8/past1000/r1i1p1f1/Amon/tauu/
2022/09/29 00:38:58 [24793] .d..t...... CMIP6/PMIP/INM/INM-CM4-8/past1000/r1i1p1f1/Amon/tauu/gr1/
2022/09/29 00:43:47 [24793] >f+++++++++ CMIP6/PMIP/INM/INM-CM4-8/past1000/r1i1p1f1/Amon/tauu/gr1/v20220526/tauu_Amon_INM-CM4-8_past1000_r1i1p1f1_gr1_085001-094912.nc
2022/09/29 00:48:37 [24793] >f+++++++++ CMIP6/PMIP/INM/INM-CM4-8/past1000/r1i1p1f1/Amon/tauu/gr1/v20220526/tauu_Amon_INM-CM4-8_past1000_r1i1p1f1_gr1_095001-104912.nc
2022/09/29 00:51:29 [24793] >f+++++++++ CMIP6/PMIP/INM/INM-CM4-8/past1000/r1i1p1f1/Amon/tauu/gr1/v20220526/tauu_Amon_INM-CM4-8_past1000_r1i1p1f1_gr1_105001-110812.nc
2022/09/29 00:56:19 [24793] >f+++++++++ CMIP6/PMIP/INM/INM-CM4-8/past1000/r1i1p1f1/Amon/tauu/gr1/v20220526/tauu_Amon_INM-CM4-8_past1000_r1i1p1f1_gr1_111001-120912.nc
2022/09/29 01:01:10 [24793] >f+++++++++ CMIP6/PMIP/INM/INM-CM4-8/past1000/r1i1p1f1/Amon/tauu/gr1/v20220526/tauu_Amon_INM-CM4-8_past1000_r1i1p1f1_gr1_121001-130912.nc
2022/09/29 01:06:04 [24793] >f+++++++++ CMIP6/PMIP/INM/INM-CM4-8/past1000/r1i1p1f1/Amon/tauu/gr1/v20220526/tauu_Amon_INM-CM4-8_past1000_r1i1p1f1_gr1_131001-140912.nc
2022/09/29 01:10:59 [24793] >f+++++++++ CMIP6/PMIP/INM/INM-CM4-8/past1000/r1i1p1f1/Amon/tauu/gr1/v20220526/tauu_Amon_INM-CM4-8_past1000_r1i1p1f1_gr1_141001-150912.nc
2022/09/29 01:15:50 [24793] >f+++++++++ CMIP6/PMIP/INM/INM-CM4-8/past1000/r1i1p1f1/Amon/tauu/gr1/v20220526/tauu_Amon_INM-CM4-8_past1000_r1i1p1f1_gr1_151001-160912.nc
2022/09/29 01:17:48 [24793] >f+++++++++ CMIP6/PMIP/INM/INM-CM4-8/past1000/r1i1p1f1/Amon/tauu/gr1/v20220526/tauu_Amon_INM-CM4-8_past1000_r1i1p1f1_gr1_161001-164912.nc
2022/09/29 01:22:37 [24793] >f+++++++++ CMIP6/PMIP/INM/INM-CM4-8/past1000/r1i1p1f1/Amon/tauu/gr1/v20220526/tauu_Amon_INM-CM4-8_past1000_r1i1p1f1_gr1_165001-174912.nc
2022/09/29 01:27:27 [24793] >f+++++++++ CMIP6/PMIP/INM/INM-CM4-8/past1000/r1i1p1f1/Amon/tauu/gr1/v20220526/tauu_Amon_INM-CM4-8_past1000_r1i1p1f1_gr1_175001-184912.nc
2022/09/29 01:27:27 [24793] .d..t...... CMIP6/PMIP/INM/INM-CM4-8/past1000/r1i1p1f1/Amon/tauv/
2022/09/29 01:27:27 [24793] .d..t...... CMIP6/PMIP/INM/INM-CM4-8/past1000/r1i1p1f1/Amon/tauv/gr1/
2022/09/29 01:32:18 [24793] >f+++++++++ CMIP6/PMIP/INM/INM-CM4-8/past1000/r1i1p1f1/Amon/tauv/gr1/v20220526/tauv_Amon_INM-CM4-8_past1000_r1i1p1f1_gr1_085001-094912.nc
2022/09/29 01:37:08 [24793] >f+++++++++ CMIP6/PMIP/INM/INM-CM4-8/past1000/r1i1p1f1/Amon/tauv/gr1/v20220526/tauv_Amon_INM-CM4-8_past1000_r1i1p1f1_gr1_095001-104912.nc
2022/09/29 01:40:01 [24793] >f+++++++++ CMIP6/PMIP/INM/INM-CM4-8/past1000/r1i1p1f1/Amon/tauv/gr1/v20220526/tauv_Amon_INM-CM4-8_past1000_r1i1p1f1_gr1_105001-110812.nc
2022/09/29 01:44:51 [24793] >f+++++++++ CMIP6/PMIP/INM/INM-CM4-8/past1000/r1i1p1f1/Amon/tauv/gr1/v20220526/tauv_Amon_INM-CM4-8_past1000_r1i1p1f1_gr1_111001-120912.nc
2022/09/29 01:49:40 [24793] >f+++++++++ CMIP6/PMIP/INM/INM-CM4-8/past1000/r1i1p1f1/Amon/tauv/gr1/v20220526/tauv_Amon_INM-CM4-8_past1000_r1i1p1f1_gr1_121001-130912.nc
2022/09/29 01:54:31 [24793] >f+++++++++ CMIP6/PMIP/INM/INM-CM4-8/past1000/r1i1p1f1/Amon/tauv/gr1/v20220526/tauv_Amon_INM-CM4-8_past1000_r1i1p1f1_gr1_131001-140912.nc
2022/09/29 01:59:24 [24793] >f+++++++++ CMIP6/PMIP/INM/INM-CM4-8/past1000/r1i1p1f1/Amon/tauv/gr1/v20220526/tauv_Amon_INM-CM4-8_past1000_r1i1p1f1_gr1_141001-150912.nc
2022/09/29 02:04:14 [24793] >f+++++++++ CMIP6/PMIP/INM/INM-CM4-8/past1000/r1i1p1f1/Amon/tauv/gr1/v20220526/tauv_Amon_INM-CM4-8_past1000_r1i1p1f1_gr1_151001-160912.nc
2022/09/29 02:06:11 [24793] >f+++++++++ CMIP6/PMIP/INM/INM-CM4-8/past1000/r1i1p1f1/Amon/tauv/gr1/v20220526/tauv_Amon_INM-CM4-8_past1000_r1i1p1f1_gr1_161001-164912.nc
2022/09/29 02:11:02 [24793] >f+++++++++ CMIP6/PMIP/INM/INM-CM4-8/past1000/r1i1p1f1/Amon/tauv/gr1/v20220526/tauv_Amon_INM-CM4-8_past1000_r1i1p1f1_gr1_165001-174912.nc
2022/09/29 02:15:52 [24793] >f+++++++++ CMIP6/PMIP/INM/INM-CM4-8/past1000/r1i1p1f1/Amon/tauv/gr1/v20220526/tauv_Amon_INM-CM4-8_past1000_r1i1p1f1_gr1_175001-184912.nc
2022/09/29 02:15:52 [24793] .d..t...... CMIP6/PMIP/INM/INM-CM4-8/past1000/r1i1p1f1/Amon/ts/
2022/09/29 02:15:52 [24793] .d..t...... CMIP6/PMIP/INM/INM-CM4-8/past1000/r1i1p1f1/Amon/ts/gr1/
2022/09/29 02:20:41 [24793] >f+++++++++ CMIP6/PMIP/INM/INM-CM4-8/past1000/r1i1p1f1/Amon/ts/gr1/v20220526/ts_Amon_INM-CM4-8_past1000_r1i1p1f1_gr1_085001-094912.nc
2022/09/29 02:25:31 [24793] >f+++++++++ CMIP6/PMIP/INM/INM-CM4-8/past1000/r1i1p1f1/Amon/ts/gr1/v20220526/ts_Amon_INM-CM4-8_past1000_r1i1p1f1_gr1_095001-104912.nc
2022/09/29 02:28:23 [24793] >f+++++++++ CMIP6/PMIP/INM/INM-CM4-8/past1000/r1i1p1f1/Amon/ts/gr1/v20220526/ts_Amon_INM-CM4-8_past1000_r1i1p1f1_gr1_105001-110812.nc
2022/09/29 02:33:12 [24793] >f+++++++++ CMIP6/PMIP/INM/INM-CM4-8/past1000/r1i1p1f1/Amon/ts/gr1/v20220526/ts_Amon_INM-CM4-8_past1000_r1i1p1f1_gr1_111001-120912.nc
2022/09/29 02:38:03 [24793] >f+++++++++ CMIP6/PMIP/INM/INM-CM4-8/past1000/r1i1p1f1/Amon/ts/gr1/v20220526/ts_Amon_INM-CM4-8_past1000_r1i1p1f1_gr1_121001-130912.nc
2022/09/29 02:42:53 [24793] >f+++++++++ CMIP6/PMIP/INM/INM-CM4-8/past1000/r1i1p1f1/Amon/ts/gr1/v20220526/ts_Amon_INM-CM4-8_past1000_r1i1p1f1_gr1_131001-140912.nc
2022/09/29 02:47:43 [24793] >f+++++++++ CMIP6/PMIP/INM/INM-CM4-8/past1000/r1i1p1f1/Amon/ts/gr1/v20220526/ts_Amon_INM-CM4-8_past1000_r1i1p1f1_gr1_141001-150912.nc
2022/09/29 02:52:33 [24793] >f+++++++++ CMIP6/PMIP/INM/INM-CM4-8/past1000/r1i1p1f1/Amon/ts/gr1/v20220526/ts_Amon_INM-CM4-8_past1000_r1i1p1f1_gr1_151001-160912.nc
2022/09/29 02:54:33 [24793] >f+++++++++ CMIP6/PMIP/INM/INM-CM4-8/past1000/r1i1p1f1/Amon/ts/gr1/v20220526/ts_Amon_INM-CM4-8_past1000_r1i1p1f1_gr1_161001-164912.nc
2022/09/29 02:59:26 [24793] >f+++++++++ CMIP6/PMIP/INM/INM-CM4-8/past1000/r1i1p1f1/Amon/ts/gr1/v20220526/ts_Amon_INM-CM4-8_past1000_r1i1p1f1_gr1_165001-174912.nc
2022/09/29 03:04:16 [24793] >f+++++++++ CMIP6/PMIP/INM/INM-CM4-8/past1000/r1i1p1f1/Amon/ts/gr1/v20220526/ts_Amon_INM-CM4-8_past1000_r1i1p1f1_gr1_175001-184912.nc
2022/09/29 03:04:16 [24793] .d..t...... CMIP6/PMIP/INM/INM-CM4-8/past1000/r1i1p1f1/Amon/uas/
2022/09/29 03:04:16 [24793] .d..t...... CMIP6/PMIP/INM/INM-CM4-8/past1000/r1i1p1f1/Amon/uas/gr1/
2022/09/29 03:09:07 [24793] >f+++++++++ CMIP6/PMIP/INM/INM-CM4-8/past1000/r1i1p1f1/Amon/uas/gr1/v20220526/uas_Amon_INM-CM4-8_past1000_r1i1p1f1_gr1_085001-094912.nc
2022/09/29 03:13:59 [24793] >f+++++++++ CMIP6/PMIP/INM/INM-CM4-8/past1000/r1i1p1f1/Amon/uas/gr1/v20220526/uas_Amon_INM-CM4-8_past1000_r1i1p1f1_gr1_095001-104912.nc
2022/09/29 03:16:53 [24793] >f+++++++++ CMIP6/PMIP/INM/INM-CM4-8/past1000/r1i1p1f1/Amon/uas/gr1/v20220526/uas_Amon_INM-CM4-8_past1000_r1i1p1f1_gr1_105001-110812.nc
2022/09/29 03:21:43 [24793] >f+++++++++ CMIP6/PMIP/INM/INM-CM4-8/past1000/r1i1p1f1/Amon/uas/gr1/v20220526/uas_Amon_INM-CM4-8_past1000_r1i1p1f1_gr1_111001-120912.nc
2022/09/29 03:26:33 [24793] >f+++++++++ CMIP6/PMIP/INM/INM-CM4-8/past1000/r1i1p1f1/Amon/uas/gr1/v20220526/uas_Amon_INM-CM4-8_past1000_r1i1p1f1_gr1_121001-130912.nc
2022/09/29 03:31:23 [24793] >f+++++++++ CMIP6/PMIP/INM/INM-CM4-8/past1000/r1i1p1f1/Amon/uas/gr1/v20220526/uas_Amon_INM-CM4-8_past1000_r1i1p1f1_gr1_131001-140912.nc
2022/09/29 03:36:14 [24793] >f+++++++++ CMIP6/PMIP/INM/INM-CM4-8/past1000/r1i1p1f1/Amon/uas/gr1/v20220526/uas_Amon_INM-CM4-8_past1000_r1i1p1f1_gr1_141001-150912.nc
2022/09/29 03:41:05 [24793] >f+++++++++ CMIP6/PMIP/INM/INM-CM4-8/past1000/r1i1p1f1/Amon/uas/gr1/v20220526/uas_Amon_INM-CM4-8_past1000_r1i1p1f1_gr1_151001-160912.nc
2022/09/29 03:43:03 [24793] >f+++++++++ CMIP6/PMIP/INM/INM-CM4-8/past1000/r1i1p1f1/Amon/uas/gr1/v20220526/uas_Amon_INM-CM4-8_past1000_r1i1p1f1_gr1_161001-164912.nc
2022/09/29 03:47:53 [24793] >f+++++++++ CMIP6/PMIP/INM/INM-CM4-8/past1000/r1i1p1f1/Amon/uas/gr1/v20220526/uas_Amon_INM-CM4-8_past1000_r1i1p1f1_gr1_165001-174912.nc
2022/09/29 03:52:44 [24793] >f+++++++++ CMIP6/PMIP/INM/INM-CM4-8/past1000/r1i1p1f1/Amon/uas/gr1/v20220526/uas_Amon_INM-CM4-8_past1000_r1i1p1f1_gr1_175001-184912.nc
2022/09/29 03:52:44 [24793] .d..t...... CMIP6/PMIP/INM/INM-CM4-8/past1000/r1i1p1f1/Amon/vas/
2022/09/29 03:52:44 [24793] .d..t...... CMIP6/PMIP/INM/INM-CM4-8/past1000/r1i1p1f1/Amon/vas/gr1/
2022/09/29 03:57:36 [24793] >f+++++++++ CMIP6/PMIP/INM/INM-CM4-8/past1000/r1i1p1f1/Amon/vas/gr1/v20220526/vas_Amon_INM-CM4-8_past1000_r1i1p1f1_gr1_085001-094912.nc
2022/09/29 04:02:26 [24793] >f+++++++++ CMIP6/PMIP/INM/INM-CM4-8/past1000/r1i1p1f1/Amon/vas/gr1/v20220526/vas_Amon_INM-CM4-8_past1000_r1i1p1f1_gr1_095001-104912.nc
2022/09/29 04:05:18 [24793] >f+++++++++ CMIP6/PMIP/INM/INM-CM4-8/past1000/r1i1p1f1/Amon/vas/gr1/v20220526/vas_Amon_INM-CM4-8_past1000_r1i1p1f1_gr1_105001-110812.nc
2022/09/29 04:10:09 [24793] >f+++++++++ CMIP6/PMIP/INM/INM-CM4-8/past1000/r1i1p1f1/Amon/vas/gr1/v20220526/vas_Amon_INM-CM4-8_past1000_r1i1p1f1_gr1_111001-120912.nc
2022/09/29 04:15:00 [24793] >f+++++++++ CMIP6/PMIP/INM/INM-CM4-8/past1000/r1i1p1f1/Amon/vas/gr1/v20220526/vas_Amon_INM-CM4-8_past1000_r1i1p1f1_gr1_121001-130912.nc
2022/09/29 04:19:56 [24793] >f+++++++++ CMIP6/PMIP/INM/INM-CM4-8/past1000/r1i1p1f1/Amon/vas/gr1/v20220526/vas_Amon_INM-CM4-8_past1000_r1i1p1f1_gr1_131001-140912.nc
2022/09/29 04:24:47 [24793] >f+++++++++ CMIP6/PMIP/INM/INM-CM4-8/past1000/r1i1p1f1/Amon/vas/gr1/v20220526/vas_Amon_INM-CM4-8_past1000_r1i1p1f1_gr1_141001-150912.nc
2022/09/29 04:29:38 [24793] >f+++++++++ CMIP6/PMIP/INM/INM-CM4-8/past1000/r1i1p1f1/Amon/vas/gr1/v20220526/vas_Amon_INM-CM4-8_past1000_r1i1p1f1_gr1_151001-160912.nc
2022/09/29 04:31:36 [24793] >f+++++++++ CMIP6/PMIP/INM/INM-CM4-8/past1000/r1i1p1f1/Amon/vas/gr1/v20220526/vas_Amon_INM-CM4-8_past1000_r1i1p1f1_gr1_161001-164912.nc
2022/09/29 04:36:25 [24793] >f+++++++++ CMIP6/PMIP/INM/INM-CM4-8/past1000/r1i1p1f1/Amon/vas/gr1/v20220526/vas_Amon_INM-CM4-8_past1000_r1i1p1f1_gr1_165001-174912.nc
2022/09/29 04:41:15 [24793] >f+++++++++ CMIP6/PMIP/INM/INM-CM4-8/past1000/r1i1p1f1/Amon/vas/gr1/v20220526/vas_Amon_INM-CM4-8_past1000_r1i1p1f1_gr1_175001-184912.nc
2022/09/29 04:41:15 [24793] .d..t...... CMIP6/PMIP/INM/INM-CM4-8/past1000/r1i1p1f1/Lmon/
2022/09/29 04:41:15 [24793] .d..t...... CMIP6/PMIP/INM/INM-CM4-8/past1000/r1i1p1f1/Lmon/baresoilFrac/
2022/09/29 04:41:15 [24793] .d..t...... CMIP6/PMIP/INM/INM-CM4-8/past1000/r1i1p1f1/Lmon/baresoilFrac/gr1/
2022/09/29 04:46:05 [24793] >f+++++++++ CMIP6/PMIP/INM/INM-CM4-8/past1000/r1i1p1f1/Lmon/baresoilFrac/gr1/v20220526/baresoilFrac_Lmon_INM-CM4-8_past1000_r1i1p1f1_gr1_085001-094912.nc
2022/09/29 04:50:58 [24793] >f+++++++++ CMIP6/PMIP/INM/INM-CM4-8/past1000/r1i1p1f1/Lmon/baresoilFrac/gr1/v20220526/baresoilFrac_Lmon_INM-CM4-8_past1000_r1i1p1f1_gr1_095001-104912.nc
2022/09/29 04:53:51 [24793] >f+++++++++ CMIP6/PMIP/INM/INM-CM4-8/past1000/r1i1p1f1/Lmon/baresoilFrac/gr1/v20220526/baresoilFrac_Lmon_INM-CM4-8_past1000_r1i1p1f1_gr1_105001-110812.nc
2022/09/29 04:58:41 [24793] >f+++++++++ CMIP6/PMIP/INM/INM-CM4-8/past1000/r1i1p1f1/Lmon/baresoilFrac/gr1/v20220526/baresoilFrac_Lmon_INM-CM4-8_past1000_r1i1p1f1_gr1_165001-174912.nc
2022/09/29 05:03:31 [24793] >f+++++++++ CMIP6/PMIP/INM/INM-CM4-8/past1000/r1i1p1f1/Lmon/baresoilFrac/gr1/v20220526/baresoilFrac_Lmon_INM-CM4-8_past1000_r1i1p1f1_gr1_175001-184912.nc
2022/09/29 05:08:21 [24793] >f+++++++++ CMIP6/PMIP/INM/INM-CM4-8/past1000/r1i1p1f1/Lmon/baresoilFrac/gr1/v20220527/baresoilFrac_Lmon_INM-CM4-8_past1000_r1i1p1f1_gr1_111001-120912.nc
2022/09/29 05:13:11 [24793] >f+++++++++ CMIP6/PMIP/INM/INM-CM4-8/past1000/r1i1p1f1/Lmon/baresoilFrac/gr1/v20220527/baresoilFrac_Lmon_INM-CM4-8_past1000_r1i1p1f1_gr1_121001-130912.nc
2022/09/29 05:18:01 [24793] >f+++++++++ CMIP6/PMIP/INM/INM-CM4-8/past1000/r1i1p1f1/Lmon/baresoilFrac/gr1/v20220527/baresoilFrac_Lmon_INM-CM4-8_past1000_r1i1p1f1_gr1_131001-140912.nc
2022/09/29 05:22:51 [24793] >f+++++++++ CMIP6/PMIP/INM/INM-CM4-8/past1000/r1i1p1f1/Lmon/baresoilFrac/gr1/v20220527/baresoilFrac_Lmon_INM-CM4-8_past1000_r1i1p1f1_gr1_141001-150912.nc
2022/09/29 05:27:40 [24793] >f+++++++++ CMIP6/PMIP/INM/INM-CM4-8/past1000/r1i1p1f1/Lmon/baresoilFrac/gr1/v20220527/baresoilFrac_Lmon_INM-CM4-8_past1000_r1i1p1f1_gr1_151001-160912.nc
2022/09/29 05:29:38 [24793] >f+++++++++ CMIP6/PMIP/INM/INM-CM4-8/past1000/r1i1p1f1/Lmon/baresoilFrac/gr1/v20220527/baresoilFrac_Lmon_INM-CM4-8_past1000_r1i1p1f1_gr1_161001-164912.nc
2022/09/29 05:29:38 [24793] .d..t...... CMIP6/PMIP/INM/INM-CM4-8/past1000/r1i1p1f1/Lmon/cVeg/
2022/09/29 05:29:38 [24793] .d..t...... CMIP6/PMIP/INM/INM-CM4-8/past1000/r1i1p1f1/Lmon/cVeg/gr1/
2022/09/29 05:34:29 [24793] >f+++++++++ CMIP6/PMIP/INM/INM-CM4-8/past1000/r1i1p1f1/Lmon/cVeg/gr1/v20220526/cVeg_Lmon_INM-CM4-8_past1000_r1i1p1f1_gr1_085001-094912.nc
2022/09/29 05:39:19 [24793] >f+++++++++ CMIP6/PMIP/INM/INM-CM4-8/past1000/r1i1p1f1/Lmon/cVeg/gr1/v20220526/cVeg_Lmon_INM-CM4-8_past1000_r1i1p1f1_gr1_095001-104912.nc
2022/09/29 05:42:12 [24793] >f+++++++++ CMIP6/PMIP/INM/INM-CM4-8/past1000/r1i1p1f1/Lmon/cVeg/gr1/v20220526/cVeg_Lmon_INM-CM4-8_past1000_r1i1p1f1_gr1_105001-110812.nc
2022/09/29 05:47:02 [24793] >f+++++++++ CMIP6/PMIP/INM/INM-CM4-8/past1000/r1i1p1f1/Lmon/cVeg/gr1/v20220526/cVeg_Lmon_INM-CM4-8_past1000_r1i1p1f1_gr1_165001-174912.nc
2022/09/29 05:51:52 [24793] >f+++++++++ CMIP6/PMIP/INM/INM-CM4-8/past1000/r1i1p1f1/Lmon/cVeg/gr1/v20220526/cVeg_Lmon_INM-CM4-8_past1000_r1i1p1f1_gr1_175001-184912.nc
2022/09/29 05:56:42 [24793] >f+++++++++ CMIP6/PMIP/INM/INM-CM4-8/past1000/r1i1p1f1/Lmon/cVeg/gr1/v20220527/cVeg_Lmon_INM-CM4-8_past1000_r1i1p1f1_gr1_111001-120912.nc
2022/09/29 06:01:32 [24793] >f+++++++++ CMIP6/PMIP/INM/INM-CM4-8/past1000/r1i1p1f1/Lmon/cVeg/gr1/v20220527/cVeg_Lmon_INM-CM4-8_past1000_r1i1p1f1_gr1_121001-130912.nc
2022/09/29 06:06:23 [24793] >f+++++++++ CMIP6/PMIP/INM/INM-CM4-8/past1000/r1i1p1f1/Lmon/cVeg/gr1/v20220527/cVeg_Lmon_INM-CM4-8_past1000_r1i1p1f1_gr1_131001-140912.nc
2022/09/29 06:11:14 [24793] >f+++++++++ CMIP6/PMIP/INM/INM-CM4-8/past1000/r1i1p1f1/Lmon/cVeg/gr1/v20220527/cVeg_Lmon_INM-CM4-8_past1000_r1i1p1f1_gr1_141001-150912.nc
2022/09/29 06:16:04 [24793] >f+++++++++ CMIP6/PMIP/INM/INM-CM4-8/past1000/r1i1p1f1/Lmon/cVeg/gr1/v20220527/cVeg_Lmon_INM-CM4-8_past1000_r1i1p1f1_gr1_151001-160912.nc
2022/09/29 06:18:01 [24793] >f+++++++++ CMIP6/PMIP/INM/INM-CM4-8/past1000/r1i1p1f1/Lmon/cVeg/gr1/v20220527/cVeg_Lmon_INM-CM4-8_past1000_r1i1p1f1_gr1_161001-164912.nc
2022/09/29 06:18:01 [24793] .d..t...... CMIP6/PMIP/INM/INM-CM4-8/past1000/r1i1p1f1/Lmon/cropFrac/
2022/09/29 06:18:01 [24793] .d..t...... CMIP6/PMIP/INM/INM-CM4-8/past1000/r1i1p1f1/Lmon/cropFrac/gr1/
2022/09/29 06:22:51 [24793] >f+++++++++ CMIP6/PMIP/INM/INM-CM4-8/past1000/r1i1p1f1/Lmon/cropFrac/gr1/v20220526/cropFrac_Lmon_INM-CM4-8_past1000_r1i1p1f1_gr1_085001-094912.nc
2022/09/29 06:27:42 [24793] >f+++++++++ CMIP6/PMIP/INM/INM-CM4-8/past1000/r1i1p1f1/Lmon/cropFrac/gr1/v20220526/cropFrac_Lmon_INM-CM4-8_past1000_r1i1p1f1_gr1_095001-104912.nc
2022/09/29 06:30:34 [24793] >f+++++++++ CMIP6/PMIP/INM/INM-CM4-8/past1000/r1i1p1f1/Lmon/cropFrac/gr1/v20220526/cropFrac_Lmon_INM-CM4-8_past1000_r1i1p1f1_gr1_105001-110812.nc
2022/09/29 06:35:28 [24793] >f+++++++++ CMIP6/PMIP/INM/INM-CM4-8/past1000/r1i1p1f1/Lmon/cropFrac/gr1/v20220526/cropFrac_Lmon_INM-CM4-8_past1000_r1i1p1f1_gr1_165001-174912.nc
2022/09/29 06:40:17 [24793] >f+++++++++ CMIP6/PMIP/INM/INM-CM4-8/past1000/r1i1p1f1/Lmon/cropFrac/gr1/v20220526/cropFrac_Lmon_INM-CM4-8_past1000_r1i1p1f1_gr1_175001-184912.nc
2022/09/29 06:45:07 [24793] >f+++++++++ CMIP6/PMIP/INM/INM-CM4-8/past1000/r1i1p1f1/Lmon/cropFrac/gr1/v20220527/cropFrac_Lmon_INM-CM4-8_past1000_r1i1p1f1_gr1_111001-120912.nc
2022/09/29 06:49:57 [24793] >f+++++++++ CMIP6/PMIP/INM/INM-CM4-8/past1000/r1i1p1f1/Lmon/cropFrac/gr1/v20220527/cropFrac_Lmon_INM-CM4-8_past1000_r1i1p1f1_gr1_121001-130912.nc
2022/09/29 06:54:47 [24793] >f+++++++++ CMIP6/PMIP/INM/INM-CM4-8/past1000/r1i1p1f1/Lmon/cropFrac/gr1/v20220527/cropFrac_Lmon_INM-CM4-8_past1000_r1i1p1f1_gr1_131001-140912.nc
2022/09/29 06:59:37 [24793] >f+++++++++ CMIP6/PMIP/INM/INM-CM4-8/past1000/r1i1p1f1/Lmon/cropFrac/gr1/v20220527/cropFrac_Lmon_INM-CM4-8_past1000_r1i1p1f1_gr1_141001-150912.nc
2022/09/29 07:04:27 [24793] >f+++++++++ CMIP6/PMIP/INM/INM-CM4-8/past1000/r1i1p1f1/Lmon/cropFrac/gr1/v20220527/cropFrac_Lmon_INM-CM4-8_past1000_r1i1p1f1_gr1_151001-160912.nc
2022/09/29 07:06:25 [24793] >f+++++++++ CMIP6/PMIP/INM/INM-CM4-8/past1000/r1i1p1f1/Lmon/cropFrac/gr1/v20220527/cropFrac_Lmon_INM-CM4-8_past1000_r1i1p1f1_gr1_161001-164912.nc
2022/09/29 07:06:25 [24793] .d..t...... CMIP6/PMIP/INM/INM-CM4-8/past1000/r1i1p1f1/Lmon/evspsblsoi/
2022/09/29 07:06:25 [24793] .d..t...... CMIP6/PMIP/INM/INM-CM4-8/past1000/r1i1p1f1/Lmon/evspsblsoi/gr1/
2022/09/29 07:11:15 [24793] >f+++++++++ CMIP6/PMIP/INM/INM-CM4-8/past1000/r1i1p1f1/Lmon/evspsblsoi/gr1/v20220526/evspsblsoi_Lmon_INM-CM4-8_past1000_r1i1p1f1_gr1_085001-094912.nc
2022/09/29 07:16:05 [24793] >f+++++++++ CMIP6/PMIP/INM/INM-CM4-8/past1000/r1i1p1f1/Lmon/evspsblsoi/gr1/v20220526/evspsblsoi_Lmon_INM-CM4-8_past1000_r1i1p1f1_gr1_095001-104912.nc
2022/09/29 07:18:58 [24793] >f+++++++++ CMIP6/PMIP/INM/INM-CM4-8/past1000/r1i1p1f1/Lmon/evspsblsoi/gr1/v20220526/evspsblsoi_Lmon_INM-CM4-8_past1000_r1i1p1f1_gr1_105001-110812.nc
2022/09/29 07:23:48 [24793] >f+++++++++ CMIP6/PMIP/INM/INM-CM4-8/past1000/r1i1p1f1/Lmon/evspsblsoi/gr1/v20220526/evspsblsoi_Lmon_INM-CM4-8_past1000_r1i1p1f1_gr1_165001-174912.nc
2022/09/29 07:28:39 [24793] >f+++++++++ CMIP6/PMIP/INM/INM-CM4-8/past1000/r1i1p1f1/Lmon/evspsblsoi/gr1/v20220526/evspsblsoi_Lmon_INM-CM4-8_past1000_r1i1p1f1_gr1_175001-184912.nc
2022/09/29 07:33:30 [24793] >f+++++++++ CMIP6/PMIP/INM/INM-CM4-8/past1000/r1i1p1f1/Lmon/evspsblsoi/gr1/v20220527/evspsblsoi_Lmon_INM-CM4-8_past1000_r1i1p1f1_gr1_111001-120912.nc
2022/09/29 07:38:22 [24793] >f+++++++++ CMIP6/PMIP/INM/INM-CM4-8/past1000/r1i1p1f1/Lmon/evspsblsoi/gr1/v20220527/evspsblsoi_Lmon_INM-CM4-8_past1000_r1i1p1f1_gr1_121001-130912.nc
2022/09/29 07:43:12 [24793] >f+++++++++ CMIP6/PMIP/INM/INM-CM4-8/past1000/r1i1p1f1/Lmon/evspsblsoi/gr1/v20220527/evspsblsoi_Lmon_INM-CM4-8_past1000_r1i1p1f1_gr1_131001-140912.nc
2022/09/29 07:48:03 [24793] >f+++++++++ CMIP6/PMIP/INM/INM-CM4-8/past1000/r1i1p1f1/Lmon/evspsblsoi/gr1/v20220527/evspsblsoi_Lmon_INM-CM4-8_past1000_r1i1p1f1_gr1_141001-150912.nc
2022/09/29 07:52:56 [24793] >f+++++++++ CMIP6/PMIP/INM/INM-CM4-8/past1000/r1i1p1f1/Lmon/evspsblsoi/gr1/v20220527/evspsblsoi_Lmon_INM-CM4-8_past1000_r1i1p1f1_gr1_151001-160912.nc
2022/09/29 07:54:54 [24793] >f+++++++++ CMIP6/PMIP/INM/INM-CM4-8/past1000/r1i1p1f1/Lmon/evspsblsoi/gr1/v20220527/evspsblsoi_Lmon_INM-CM4-8_past1000_r1i1p1f1_gr1_161001-164912.nc
2022/09/29 07:54:54 [24793] .d..t...... CMIP6/PMIP/INM/INM-CM4-8/past1000/r1i1p1f1/Lmon/evspsblveg/
2022/09/29 07:54:54 [24793] .d..t...... CMIP6/PMIP/INM/INM-CM4-8/past1000/r1i1p1f1/Lmon/evspsblveg/gr1/
2022/09/29 07:59:46 [24793] >f+++++++++ CMIP6/PMIP/INM/INM-CM4-8/past1000/r1i1p1f1/Lmon/evspsblveg/gr1/v20220526/evspsblveg_Lmon_INM-CM4-8_past1000_r1i1p1f1_gr1_085001-094912.nc
2022/09/29 08:04:41 [24793] >f+++++++++ CMIP6/PMIP/INM/INM-CM4-8/past1000/r1i1p1f1/Lmon/evspsblveg/gr1/v20220526/evspsblveg_Lmon_INM-CM4-8_past1000_r1i1p1f1_gr1_095001-104912.nc
2022/09/29 08:07:34 [24793] >f+++++++++ CMIP6/PMIP/INM/INM-CM4-8/past1000/r1i1p1f1/Lmon/evspsblveg/gr1/v20220526/evspsblveg_Lmon_INM-CM4-8_past1000_r1i1p1f1_gr1_105001-110812.nc
2022/09/29 08:12:25 [24793] >f+++++++++ CMIP6/PMIP/INM/INM-CM4-8/past1000/r1i1p1f1/Lmon/evspsblveg/gr1/v20220526/evspsblveg_Lmon_INM-CM4-8_past1000_r1i1p1f1_gr1_165001-174912.nc
2022/09/29 08:17:15 [24793] >f+++++++++ CMIP6/PMIP/INM/INM-CM4-8/past1000/r1i1p1f1/Lmon/evspsblveg/gr1/v20220526/evspsblveg_Lmon_INM-CM4-8_past1000_r1i1p1f1_gr1_175001-184912.nc
2022/09/29 08:22:07 [24793] >f+++++++++ CMIP6/PMIP/INM/INM-CM4-8/past1000/r1i1p1f1/Lmon/evspsblveg/gr1/v20220527/evspsblveg_Lmon_INM-CM4-8_past1000_r1i1p1f1_gr1_111001-120912.nc
2022/09/29 08:26:59 [24793] >f+++++++++ CMIP6/PMIP/INM/INM-CM4-8/past1000/r1i1p1f1/Lmon/evspsblveg/gr1/v20220527/evspsblveg_Lmon_INM-CM4-8_past1000_r1i1p1f1_gr1_121001-130912.nc
2022/09/29 08:31:50 [24793] >f+++++++++ CMIP6/PMIP/INM/INM-CM4-8/past1000/r1i1p1f1/Lmon/evspsblveg/gr1/v20220527/evspsblveg_Lmon_INM-CM4-8_past1000_r1i1p1f1_gr1_131001-140912.nc
2022/09/29 08:36:41 [24793] >f+++++++++ CMIP6/PMIP/INM/INM-CM4-8/past1000/r1i1p1f1/Lmon/evspsblveg/gr1/v20220527/evspsblveg_Lmon_INM-CM4-8_past1000_r1i1p1f1_gr1_141001-150912.nc
2022/09/29 08:41:31 [24793] >f+++++++++ CMIP6/PMIP/INM/INM-CM4-8/past1000/r1i1p1f1/Lmon/evspsblveg/gr1/v20220527/evspsblveg_Lmon_INM-CM4-8_past1000_r1i1p1f1_gr1_151001-160912.nc
2022/09/29 08:43:29 [24793] >f+++++++++ CMIP6/PMIP/INM/INM-CM4-8/past1000/r1i1p1f1/Lmon/evspsblveg/gr1/v20220527/evspsblveg_Lmon_INM-CM4-8_past1000_r1i1p1f1_gr1_161001-164912.nc
2022/09/29 08:43:29 [24793] .d..t...... CMIP6/PMIP/INM/INM-CM4-8/past1000/r1i1p1f1/Lmon/fVegSoil/
2022/09/29 08:43:29 [24793] .d..t...... CMIP6/PMIP/INM/INM-CM4-8/past1000/r1i1p1f1/Lmon/fVegSoil/gr1/
2022/09/29 08:48:22 [24793] >f+++++++++ CMIP6/PMIP/INM/INM-CM4-8/past1000/r1i1p1f1/Lmon/fVegSoil/gr1/v20220526/fVegSoil_Lmon_INM-CM4-8_past1000_r1i1p1f1_gr1_085001-094912.nc
2022/09/29 08:53:11 [24793] >f+++++++++ CMIP6/PMIP/INM/INM-CM4-8/past1000/r1i1p1f1/Lmon/fVegSoil/gr1/v20220526/fVegSoil_Lmon_INM-CM4-8_past1000_r1i1p1f1_gr1_095001-104912.nc
2022/09/29 08:56:04 [24793] >f+++++++++ CMIP6/PMIP/INM/INM-CM4-8/past1000/r1i1p1f1/Lmon/fVegSoil/gr1/v20220526/fVegSoil_Lmon_INM-CM4-8_past1000_r1i1p1f1_gr1_105001-110812.nc
2022/09/29 09:00:54 [24793] >f+++++++++ CMIP6/PMIP/INM/INM-CM4-8/past1000/r1i1p1f1/Lmon/fVegSoil/gr1/v20220526/fVegSoil_Lmon_INM-CM4-8_past1000_r1i1p1f1_gr1_165001-174912.nc
2022/09/29 09:05:46 [24793] >f+++++++++ CMIP6/PMIP/INM/INM-CM4-8/past1000/r1i1p1f1/Lmon/fVegSoil/gr1/v20220526/fVegSoil_Lmon_INM-CM4-8_past1000_r1i1p1f1_gr1_175001-184912.nc
2022/09/29 09:10:38 [24793] >f+++++++++ CMIP6/PMIP/INM/INM-CM4-8/past1000/r1i1p1f1/Lmon/fVegSoil/gr1/v20220527/fVegSoil_Lmon_INM-CM4-8_past1000_r1i1p1f1_gr1_111001-120912.nc
2022/09/29 09:15:30 [24793] >f+++++++++ CMIP6/PMIP/INM/INM-CM4-8/past1000/r1i1p1f1/Lmon/fVegSoil/gr1/v20220527/fVegSoil_Lmon_INM-CM4-8_past1000_r1i1p1f1_gr1_121001-130912.nc
2022/09/29 09:20:22 [24793] >f+++++++++ CMIP6/PMIP/INM/INM-CM4-8/past1000/r1i1p1f1/Lmon/fVegSoil/gr1/v20220527/fVegSoil_Lmon_INM-CM4-8_past1000_r1i1p1f1_gr1_131001-140912.nc
2022/09/29 09:25:16 [24793] >f+++++++++ CMIP6/PMIP/INM/INM-CM4-8/past1000/r1i1p1f1/Lmon/fVegSoil/gr1/v20220527/fVegSoil_Lmon_INM-CM4-8_past1000_r1i1p1f1_gr1_141001-150912.nc
2022/09/29 09:30:06 [24793] >f+++++++++ CMIP6/PMIP/INM/INM-CM4-8/past1000/r1i1p1f1/Lmon/fVegSoil/gr1/v20220527/fVegSoil_Lmon_INM-CM4-8_past1000_r1i1p1f1_gr1_151001-160912.nc
2022/09/29 09:32:06 [24793] >f+++++++++ CMIP6/PMIP/INM/INM-CM4-8/past1000/r1i1p1f1/Lmon/fVegSoil/gr1/v20220527/fVegSoil_Lmon_INM-CM4-8_past1000_r1i1p1f1_gr1_161001-164912.nc
2022/09/29 09:32:06 [24793] .d..t...... CMIP6/PMIP/INM/INM-CM4-8/past1000/r1i1p1f1/Lmon/gpp/
2022/09/29 09:32:06 [24793] .d..t...... CMIP6/PMIP/INM/INM-CM4-8/past1000/r1i1p1f1/Lmon/gpp/gr1/
2022/09/29 09:36:56 [24793] >f+++++++++ CMIP6/PMIP/INM/INM-CM4-8/past1000/r1i1p1f1/Lmon/gpp/gr1/v20220526/gpp_Lmon_INM-CM4-8_past1000_r1i1p1f1_gr1_085001-094912.nc
2022/09/29 09:41:53 [24793] >f+++++++++ CMIP6/PMIP/INM/INM-CM4-8/past1000/r1i1p1f1/Lmon/gpp/gr1/v20220526/gpp_Lmon_INM-CM4-8_past1000_r1i1p1f1_gr1_095001-104912.nc
2022/09/29 09:44:48 [24793] >f+++++++++ CMIP6/PMIP/INM/INM-CM4-8/past1000/r1i1p1f1/Lmon/gpp/gr1/v20220526/gpp_Lmon_INM-CM4-8_past1000_r1i1p1f1_gr1_105001-110812.nc
2022/09/29 09:49:38 [24793] >f+++++++++ CMIP6/PMIP/INM/INM-CM4-8/past1000/r1i1p1f1/Lmon/gpp/gr1/v20220526/gpp_Lmon_INM-CM4-8_past1000_r1i1p1f1_gr1_165001-174912.nc
2022/09/29 09:54:29 [24793] >f+++++++++ CMIP6/PMIP/INM/INM-CM4-8/past1000/r1i1p1f1/Lmon/gpp/gr1/v20220526/gpp_Lmon_INM-CM4-8_past1000_r1i1p1f1_gr1_175001-184912.nc
2022/09/29 09:59:18 [24793] >f+++++++++ CMIP6/PMIP/INM/INM-CM4-8/past1000/r1i1p1f1/Lmon/gpp/gr1/v20220527/gpp_Lmon_INM-CM4-8_past1000_r1i1p1f1_gr1_111001-120912.nc
2022/09/29 10:04:09 [24793] >f+++++++++ CMIP6/PMIP/INM/INM-CM4-8/past1000/r1i1p1f1/Lmon/gpp/gr1/v20220527/gpp_Lmon_INM-CM4-8_past1000_r1i1p1f1_gr1_121001-130912.nc
2022/09/29 10:08:59 [24793] >f+++++++++ CMIP6/PMIP/INM/INM-CM4-8/past1000/r1i1p1f1/Lmon/gpp/gr1/v20220527/gpp_Lmon_INM-CM4-8_past1000_r1i1p1f1_gr1_131001-140912.nc
2022/09/29 10:13:50 [24793] >f+++++++++ CMIP6/PMIP/INM/INM-CM4-8/past1000/r1i1p1f1/Lmon/gpp/gr1/v20220527/gpp_Lmon_INM-CM4-8_past1000_r1i1p1f1_gr1_141001-150912.nc
2022/09/29 10:18:43 [24793] >f+++++++++ CMIP6/PMIP/INM/INM-CM4-8/past1000/r1i1p1f1/Lmon/gpp/gr1/v20220527/gpp_Lmon_INM-CM4-8_past1000_r1i1p1f1_gr1_151001-160912.nc
2022/09/29 10:20:41 [24793] >f+++++++++ CMIP6/PMIP/INM/INM-CM4-8/past1000/r1i1p1f1/Lmon/gpp/gr1/v20220527/gpp_Lmon_INM-CM4-8_past1000_r1i1p1f1_gr1_161001-164912.nc
2022/09/29 10:20:41 [24793] .d..t...... CMIP6/PMIP/INM/INM-CM4-8/past1000/r1i1p1f1/Lmon/grassFrac/
2022/09/29 10:20:41 [24793] .d..t...... CMIP6/PMIP/INM/INM-CM4-8/past1000/r1i1p1f1/Lmon/grassFrac/gr1/
2022/09/29 10:25:31 [24793] >f+++++++++ CMIP6/PMIP/INM/INM-CM4-8/past1000/r1i1p1f1/Lmon/grassFrac/gr1/v20220526/grassFrac_Lmon_INM-CM4-8_past1000_r1i1p1f1_gr1_085001-094912.nc
2022/09/29 10:30:23 [24793] >f+++++++++ CMIP6/PMIP/INM/INM-CM4-8/past1000/r1i1p1f1/Lmon/grassFrac/gr1/v20220526/grassFrac_Lmon_INM-CM4-8_past1000_r1i1p1f1_gr1_095001-104912.nc
2022/09/29 10:33:17 [24793] >f+++++++++ CMIP6/PMIP/INM/INM-CM4-8/past1000/r1i1p1f1/Lmon/grassFrac/gr1/v20220526/grassFrac_Lmon_INM-CM4-8_past1000_r1i1p1f1_gr1_105001-110812.nc
2022/09/29 10:38:08 [24793] >f+++++++++ CMIP6/PMIP/INM/INM-CM4-8/past1000/r1i1p1f1/Lmon/grassFrac/gr1/v20220526/grassFrac_Lmon_INM-CM4-8_past1000_r1i1p1f1_gr1_165001-174912.nc
2022/09/29 10:42:58 [24793] >f+++++++++ CMIP6/PMIP/INM/INM-CM4-8/past1000/r1i1p1f1/Lmon/grassFrac/gr1/v20220526/grassFrac_Lmon_INM-CM4-8_past1000_r1i1p1f1_gr1_175001-184912.nc
2022/09/29 10:47:50 [24793] >f+++++++++ CMIP6/PMIP/INM/INM-CM4-8/past1000/r1i1p1f1/Lmon/grassFrac/gr1/v20220527/grassFrac_Lmon_INM-CM4-8_past1000_r1i1p1f1_gr1_111001-120912.nc
2022/09/29 10:52:41 [24793] >f+++++++++ CMIP6/PMIP/INM/INM-CM4-8/past1000/r1i1p1f1/Lmon/grassFrac/gr1/v20220527/grassFrac_Lmon_INM-CM4-8_past1000_r1i1p1f1_gr1_121001-130912.nc
2022/09/29 10:57:33 [24793] >f+++++++++ CMIP6/PMIP/INM/INM-CM4-8/past1000/r1i1p1f1/Lmon/grassFrac/gr1/v20220527/grassFrac_Lmon_INM-CM4-8_past1000_r1i1p1f1_gr1_131001-140912.nc
2022/09/29 11:02:28 [24793] >f+++++++++ CMIP6/PMIP/INM/INM-CM4-8/past1000/r1i1p1f1/Lmon/grassFrac/gr1/v20220527/grassFrac_Lmon_INM-CM4-8_past1000_r1i1p1f1_gr1_141001-150912.nc
2022/09/29 11:07:20 [24793] >f+++++++++ CMIP6/PMIP/INM/INM-CM4-8/past1000/r1i1p1f1/Lmon/grassFrac/gr1/v20220527/grassFrac_Lmon_INM-CM4-8_past1000_r1i1p1f1_gr1_151001-160912.nc
2022/09/29 11:09:18 [24793] >f+++++++++ CMIP6/PMIP/INM/INM-CM4-8/past1000/r1i1p1f1/Lmon/grassFrac/gr1/v20220527/grassFrac_Lmon_INM-CM4-8_past1000_r1i1p1f1_gr1_161001-164912.nc
2022/09/29 11:09:18 [24793] .d..t...... CMIP6/PMIP/INM/INM-CM4-8/past1000/r1i1p1f1/Lmon/lai/
2022/09/29 11:09:18 [24793] .d..t...... CMIP6/PMIP/INM/INM-CM4-8/past1000/r1i1p1f1/Lmon/lai/gr1/
2022/09/29 11:14:14 [24793] >f+++++++++ CMIP6/PMIP/INM/INM-CM4-8/past1000/r1i1p1f1/Lmon/lai/gr1/v20220526/lai_Lmon_INM-CM4-8_past1000_r1i1p1f1_gr1_085001-094912.nc
2022/09/29 11:19:08 [24793] >f+++++++++ CMIP6/PMIP/INM/INM-CM4-8/past1000/r1i1p1f1/Lmon/lai/gr1/v20220526/lai_Lmon_INM-CM4-8_past1000_r1i1p1f1_gr1_095001-104912.nc
2022/09/29 11:22:00 [24793] >f+++++++++ CMIP6/PMIP/INM/INM-CM4-8/past1000/r1i1p1f1/Lmon/lai/gr1/v20220526/lai_Lmon_INM-CM4-8_past1000_r1i1p1f1_gr1_105001-110812.nc
2022/09/29 11:26:52 [24793] >f+++++++++ CMIP6/PMIP/INM/INM-CM4-8/past1000/r1i1p1f1/Lmon/lai/gr1/v20220526/lai_Lmon_INM-CM4-8_past1000_r1i1p1f1_gr1_165001-174912.nc
2022/09/29 11:31:43 [24793] >f+++++++++ CMIP6/PMIP/INM/INM-CM4-8/past1000/r1i1p1f1/Lmon/lai/gr1/v20220526/lai_Lmon_INM-CM4-8_past1000_r1i1p1f1_gr1_175001-184912.nc
2022/09/29 11:36:34 [24793] >f+++++++++ CMIP6/PMIP/INM/INM-CM4-8/past1000/r1i1p1f1/Lmon/lai/gr1/v20220527/lai_Lmon_INM-CM4-8_past1000_r1i1p1f1_gr1_111001-120912.nc
2022/09/29 11:41:26 [24793] >f+++++++++ CMIP6/PMIP/INM/INM-CM4-8/past1000/r1i1p1f1/Lmon/lai/gr1/v20220527/lai_Lmon_INM-CM4-8_past1000_r1i1p1f1_gr1_121001-130912.nc
2022/09/29 11:46:22 [24793] >f+++++++++ CMIP6/PMIP/INM/INM-CM4-8/past1000/r1i1p1f1/Lmon/lai/gr1/v20220527/lai_Lmon_INM-CM4-8_past1000_r1i1p1f1_gr1_131001-140912.nc
2022/09/29 11:51:17 [24793] >f+++++++++ CMIP6/PMIP/INM/INM-CM4-8/past1000/r1i1p1f1/Lmon/lai/gr1/v20220527/lai_Lmon_INM-CM4-8_past1000_r1i1p1f1_gr1_141001-150912.nc
2022/09/29 11:56:07 [24793] >f+++++++++ CMIP6/PMIP/INM/INM-CM4-8/past1000/r1i1p1f1/Lmon/lai/gr1/v20220527/lai_Lmon_INM-CM4-8_past1000_r1i1p1f1_gr1_151001-160912.nc
2022/09/29 11:58:05 [24793] >f+++++++++ CMIP6/PMIP/INM/INM-CM4-8/past1000/r1i1p1f1/Lmon/lai/gr1/v20220527/lai_Lmon_INM-CM4-8_past1000_r1i1p1f1_gr1_161001-164912.nc
2022/09/29 11:58:05 [24793] .d..t...... CMIP6/PMIP/INM/INM-CM4-8/past1000/r1i1p1f1/Lmon/mrfso/
2022/09/29 11:58:05 [24793] .d..t...... CMIP6/PMIP/INM/INM-CM4-8/past1000/r1i1p1f1/Lmon/mrfso/gr1/
2022/09/29 12:02:55 [24793] >f+++++++++ CMIP6/PMIP/INM/INM-CM4-8/past1000/r1i1p1f1/Lmon/mrfso/gr1/v20220526/mrfso_Lmon_INM-CM4-8_past1000_r1i1p1f1_gr1_085001-094912.nc
2022/09/29 12:07:52 [24793] >f+++++++++ CMIP6/PMIP/INM/INM-CM4-8/past1000/r1i1p1f1/Lmon/mrfso/gr1/v20220526/mrfso_Lmon_INM-CM4-8_past1000_r1i1p1f1_gr1_095001-104912.nc
2022/09/29 12:10:44 [24793] >f+++++++++ CMIP6/PMIP/INM/INM-CM4-8/past1000/r1i1p1f1/Lmon/mrfso/gr1/v20220526/mrfso_Lmon_INM-CM4-8_past1000_r1i1p1f1_gr1_105001-110812.nc
2022/09/29 12:15:36 [24793] >f+++++++++ CMIP6/PMIP/INM/INM-CM4-8/past1000/r1i1p1f1/Lmon/mrfso/gr1/v20220526/mrfso_Lmon_INM-CM4-8_past1000_r1i1p1f1_gr1_165001-174912.nc
2022/09/29 12:20:30 [24793] >f+++++++++ CMIP6/PMIP/INM/INM-CM4-8/past1000/r1i1p1f1/Lmon/mrfso/gr1/v20220526/mrfso_Lmon_INM-CM4-8_past1000_r1i1p1f1_gr1_175001-184912.nc
2022/09/29 12:25:22 [24793] >f+++++++++ CMIP6/PMIP/INM/INM-CM4-8/past1000/r1i1p1f1/Lmon/mrfso/gr1/v20220527/mrfso_Lmon_INM-CM4-8_past1000_r1i1p1f1_gr1_111001-120912.nc
2022/09/29 12:30:15 [24793] >f+++++++++ CMIP6/PMIP/INM/INM-CM4-8/past1000/r1i1p1f1/Lmon/mrfso/gr1/v20220527/mrfso_Lmon_INM-CM4-8_past1000_r1i1p1f1_gr1_121001-130912.nc
2022/09/29 12:35:08 [24793] >f+++++++++ CMIP6/PMIP/INM/INM-CM4-8/past1000/r1i1p1f1/Lmon/mrfso/gr1/v20220527/mrfso_Lmon_INM-CM4-8_past1000_r1i1p1f1_gr1_131001-140912.nc
2022/09/29 12:40:02 [24793] >f+++++++++ CMIP6/PMIP/INM/INM-CM4-8/past1000/r1i1p1f1/Lmon/mrfso/gr1/v20220527/mrfso_Lmon_INM-CM4-8_past1000_r1i1p1f1_gr1_141001-150912.nc
2022/09/29 12:44:55 [24793] >f+++++++++ CMIP6/PMIP/INM/INM-CM4-8/past1000/r1i1p1f1/Lmon/mrfso/gr1/v20220527/mrfso_Lmon_INM-CM4-8_past1000_r1i1p1f1_gr1_151001-160912.nc
2022/09/29 12:46:52 [24793] >f+++++++++ CMIP6/PMIP/INM/INM-CM4-8/past1000/r1i1p1f1/Lmon/mrfso/gr1/v20220527/mrfso_Lmon_INM-CM4-8_past1000_r1i1p1f1_gr1_161001-164912.nc
2022/09/29 12:46:52 [24793] .d..t...... CMIP6/PMIP/INM/INM-CM4-8/past1000/r1i1p1f1/Lmon/mrro/
2022/09/29 12:46:52 [24793] .d..t...... CMIP6/PMIP/INM/INM-CM4-8/past1000/r1i1p1f1/Lmon/mrro/gr1/
2022/09/29 12:51:44 [24793] >f+++++++++ CMIP6/PMIP/INM/INM-CM4-8/past1000/r1i1p1f1/Lmon/mrro/gr1/v20220526/mrro_Lmon_INM-CM4-8_past1000_r1i1p1f1_gr1_085001-094912.nc
2022/09/29 12:56:35 [24793] >f+++++++++ CMIP6/PMIP/INM/INM-CM4-8/past1000/r1i1p1f1/Lmon/mrro/gr1/v20220526/mrro_Lmon_INM-CM4-8_past1000_r1i1p1f1_gr1_095001-104912.nc
2022/09/29 12:59:30 [24793] >f+++++++++ CMIP6/PMIP/INM/INM-CM4-8/past1000/r1i1p1f1/Lmon/mrro/gr1/v20220526/mrro_Lmon_INM-CM4-8_past1000_r1i1p1f1_gr1_105001-110812.nc
2022/09/29 13:04:22 [24793] >f+++++++++ CMIP6/PMIP/INM/INM-CM4-8/past1000/r1i1p1f1/Lmon/mrro/gr1/v20220526/mrro_Lmon_INM-CM4-8_past1000_r1i1p1f1_gr1_165001-174912.nc
2022/09/29 13:09:16 [24793] >f+++++++++ CMIP6/PMIP/INM/INM-CM4-8/past1000/r1i1p1f1/Lmon/mrro/gr1/v20220526/mrro_Lmon_INM-CM4-8_past1000_r1i1p1f1_gr1_175001-184912.nc
2022/09/29 13:14:08 [24793] >f+++++++++ CMIP6/PMIP/INM/INM-CM4-8/past1000/r1i1p1f1/Lmon/mrro/gr1/v20220527/mrro_Lmon_INM-CM4-8_past1000_r1i1p1f1_gr1_111001-120912.nc
2022/09/29 13:18:58 [24793] >f+++++++++ CMIP6/PMIP/INM/INM-CM4-8/past1000/r1i1p1f1/Lmon/mrro/gr1/v20220527/mrro_Lmon_INM-CM4-8_past1000_r1i1p1f1_gr1_121001-130912.nc
2022/09/29 13:23:49 [24793] >f+++++++++ CMIP6/PMIP/INM/INM-CM4-8/past1000/r1i1p1f1/Lmon/mrro/gr1/v20220527/mrro_Lmon_INM-CM4-8_past1000_r1i1p1f1_gr1_131001-140912.nc
2022/09/29 13:28:44 [24793] >f+++++++++ CMIP6/PMIP/INM/INM-CM4-8/past1000/r1i1p1f1/Lmon/mrro/gr1/v20220527/mrro_Lmon_INM-CM4-8_past1000_r1i1p1f1_gr1_141001-150912.nc
2022/09/29 13:33:37 [24793] >f+++++++++ CMIP6/PMIP/INM/INM-CM4-8/past1000/r1i1p1f1/Lmon/mrro/gr1/v20220527/mrro_Lmon_INM-CM4-8_past1000_r1i1p1f1_gr1_151001-160912.nc
2022/09/29 13:35:34 [24793] >f+++++++++ CMIP6/PMIP/INM/INM-CM4-8/past1000/r1i1p1f1/Lmon/mrro/gr1/v20220527/mrro_Lmon_INM-CM4-8_past1000_r1i1p1f1_gr1_161001-164912.nc
2022/09/29 13:35:34 [24793] .d..t...... CMIP6/PMIP/INM/INM-CM4-8/past1000/r1i1p1f1/Lmon/mrros/
2022/09/29 13:35:34 [24793] .d..t...... CMIP6/PMIP/INM/INM-CM4-8/past1000/r1i1p1f1/Lmon/mrros/gr1/
2022/09/29 13:40:27 [24793] >f+++++++++ CMIP6/PMIP/INM/INM-CM4-8/past1000/r1i1p1f1/Lmon/mrros/gr1/v20220526/mrros_Lmon_INM-CM4-8_past1000_r1i1p1f1_gr1_085001-094912.nc
2022/09/29 13:45:18 [24793] >f+++++++++ CMIP6/PMIP/INM/INM-CM4-8/past1000/r1i1p1f1/Lmon/mrros/gr1/v20220526/mrros_Lmon_INM-CM4-8_past1000_r1i1p1f1_gr1_095001-104912.nc
2022/09/29 13:48:10 [24793] >f+++++++++ CMIP6/PMIP/INM/INM-CM4-8/past1000/r1i1p1f1/Lmon/mrros/gr1/v20220526/mrros_Lmon_INM-CM4-8_past1000_r1i1p1f1_gr1_105001-110812.nc
2022/09/29 13:53:01 [24793] >f+++++++++ CMIP6/PMIP/INM/INM-CM4-8/past1000/r1i1p1f1/Lmon/mrros/gr1/v20220526/mrros_Lmon_INM-CM4-8_past1000_r1i1p1f1_gr1_165001-174912.nc
2022/09/29 13:57:58 [24793] >f+++++++++ CMIP6/PMIP/INM/INM-CM4-8/past1000/r1i1p1f1/Lmon/mrros/gr1/v20220526/mrros_Lmon_INM-CM4-8_past1000_r1i1p1f1_gr1_175001-184912.nc
2022/09/29 14:02:51 [24793] >f+++++++++ CMIP6/PMIP/INM/INM-CM4-8/past1000/r1i1p1f1/Lmon/mrros/gr1/v20220527/mrros_Lmon_INM-CM4-8_past1000_r1i1p1f1_gr1_111001-120912.nc
2022/09/29 14:07:41 [24793] >f+++++++++ CMIP6/PMIP/INM/INM-CM4-8/past1000/r1i1p1f1/Lmon/mrros/gr1/v20220527/mrros_Lmon_INM-CM4-8_past1000_r1i1p1f1_gr1_121001-130912.nc
2022/09/29 14:12:35 [24793] >f+++++++++ CMIP6/PMIP/INM/INM-CM4-8/past1000/r1i1p1f1/Lmon/mrros/gr1/v20220527/mrros_Lmon_INM-CM4-8_past1000_r1i1p1f1_gr1_131001-140912.nc
2022/09/29 14:17:26 [24793] >f+++++++++ CMIP6/PMIP/INM/INM-CM4-8/past1000/r1i1p1f1/Lmon/mrros/gr1/v20220527/mrros_Lmon_INM-CM4-8_past1000_r1i1p1f1_gr1_141001-150912.nc
2022/09/29 14:22:16 [24793] >f+++++++++ CMIP6/PMIP/INM/INM-CM4-8/past1000/r1i1p1f1/Lmon/mrros/gr1/v20220527/mrros_Lmon_INM-CM4-8_past1000_r1i1p1f1_gr1_151001-160912.nc
2022/09/29 14:24:14 [24793] >f+++++++++ CMIP6/PMIP/INM/INM-CM4-8/past1000/r1i1p1f1/Lmon/mrros/gr1/v20220527/mrros_Lmon_INM-CM4-8_past1000_r1i1p1f1_gr1_161001-164912.nc
2022/09/29 14:24:14 [24793] .d..t...... CMIP6/PMIP/INM/INM-CM4-8/past1000/r1i1p1f1/Lmon/mrso/
2022/09/29 14:24:14 [24793] .d..t...... CMIP6/PMIP/INM/INM-CM4-8/past1000/r1i1p1f1/Lmon/mrso/gr1/
2022/09/29 14:29:06 [24793] >f+++++++++ CMIP6/PMIP/INM/INM-CM4-8/past1000/r1i1p1f1/Lmon/mrso/gr1/v20220526/mrso_Lmon_INM-CM4-8_past1000_r1i1p1f1_gr1_085001-094912.nc
2022/09/29 14:33:57 [24793] >f+++++++++ CMIP6/PMIP/INM/INM-CM4-8/past1000/r1i1p1f1/Lmon/mrso/gr1/v20220526/mrso_Lmon_INM-CM4-8_past1000_r1i1p1f1_gr1_095001-104912.nc
2022/09/29 14:36:51 [24793] >f+++++++++ CMIP6/PMIP/INM/INM-CM4-8/past1000/r1i1p1f1/Lmon/mrso/gr1/v20220526/mrso_Lmon_INM-CM4-8_past1000_r1i1p1f1_gr1_105001-110812.nc
2022/09/29 14:41:43 [24793] >f+++++++++ CMIP6/PMIP/INM/INM-CM4-8/past1000/r1i1p1f1/Lmon/mrso/gr1/v20220526/mrso_Lmon_INM-CM4-8_past1000_r1i1p1f1_gr1_165001-174912.nc
2022/09/29 14:46:34 [24793] >f+++++++++ CMIP6/PMIP/INM/INM-CM4-8/past1000/r1i1p1f1/Lmon/mrso/gr1/v20220526/mrso_Lmon_INM-CM4-8_past1000_r1i1p1f1_gr1_175001-184912.nc
2022/09/29 14:51:25 [24793] >f+++++++++ CMIP6/PMIP/INM/INM-CM4-8/past1000/r1i1p1f1/Lmon/mrso/gr1/v20220527/mrso_Lmon_INM-CM4-8_past1000_r1i1p1f1_gr1_111001-120912.nc
2022/09/29 14:56:17 [24793] >f+++++++++ CMIP6/PMIP/INM/INM-CM4-8/past1000/r1i1p1f1/Lmon/mrso/gr1/v20220527/mrso_Lmon_INM-CM4-8_past1000_r1i1p1f1_gr1_121001-130912.nc
2022/09/29 15:01:09 [24793] >f+++++++++ CMIP6/PMIP/INM/INM-CM4-8/past1000/r1i1p1f1/Lmon/mrso/gr1/v20220527/mrso_Lmon_INM-CM4-8_past1000_r1i1p1f1_gr1_131001-140912.nc
2022/09/29 15:06:00 [24793] >f+++++++++ CMIP6/PMIP/INM/INM-CM4-8/past1000/r1i1p1f1/Lmon/mrso/gr1/v20220527/mrso_Lmon_INM-CM4-8_past1000_r1i1p1f1_gr1_141001-150912.nc
2022/09/29 15:10:52 [24793] >f+++++++++ CMIP6/PMIP/INM/INM-CM4-8/past1000/r1i1p1f1/Lmon/mrso/gr1/v20220527/mrso_Lmon_INM-CM4-8_past1000_r1i1p1f1_gr1_151001-160912.nc
2022/09/29 15:12:50 [24793] >f+++++++++ CMIP6/PMIP/INM/INM-CM4-8/past1000/r1i1p1f1/Lmon/mrso/gr1/v20220527/mrso_Lmon_INM-CM4-8_past1000_r1i1p1f1_gr1_161001-164912.nc
2022/09/29 15:12:50 [24793] .d..t...... CMIP6/PMIP/INM/INM-CM4-8/past1000/r1i1p1f1/Lmon/nbp/
2022/09/29 15:12:50 [24793] .d..t...... CMIP6/PMIP/INM/INM-CM4-8/past1000/r1i1p1f1/Lmon/nbp/gr1/
2022/09/29 15:17:40 [24793] >f+++++++++ CMIP6/PMIP/INM/INM-CM4-8/past1000/r1i1p1f1/Lmon/nbp/gr1/v20220526/nbp_Lmon_INM-CM4-8_past1000_r1i1p1f1_gr1_085001-094912.nc
2022/09/29 15:22:30 [24793] >f+++++++++ CMIP6/PMIP/INM/INM-CM4-8/past1000/r1i1p1f1/Lmon/nbp/gr1/v20220526/nbp_Lmon_INM-CM4-8_past1000_r1i1p1f1_gr1_095001-104912.nc
2022/09/29 15:25:22 [24793] >f+++++++++ CMIP6/PMIP/INM/INM-CM4-8/past1000/r1i1p1f1/Lmon/nbp/gr1/v20220526/nbp_Lmon_INM-CM4-8_past1000_r1i1p1f1_gr1_105001-110812.nc
2022/09/29 15:30:13 [24793] >f+++++++++ CMIP6/PMIP/INM/INM-CM4-8/past1000/r1i1p1f1/Lmon/nbp/gr1/v20220526/nbp_Lmon_INM-CM4-8_past1000_r1i1p1f1_gr1_165001-174912.nc
2022/09/29 15:35:03 [24793] >f+++++++++ CMIP6/PMIP/INM/INM-CM4-8/past1000/r1i1p1f1/Lmon/nbp/gr1/v20220526/nbp_Lmon_INM-CM4-8_past1000_r1i1p1f1_gr1_175001-184912.nc
2022/09/29 15:39:55 [24793] >f+++++++++ CMIP6/PMIP/INM/INM-CM4-8/past1000/r1i1p1f1/Lmon/nbp/gr1/v20220527/nbp_Lmon_INM-CM4-8_past1000_r1i1p1f1_gr1_111001-120912.nc
2022/09/29 15:44:46 [24793] >f+++++++++ CMIP6/PMIP/INM/INM-CM4-8/past1000/r1i1p1f1/Lmon/nbp/gr1/v20220527/nbp_Lmon_INM-CM4-8_past1000_r1i1p1f1_gr1_121001-130912.nc
2022/09/29 15:49:36 [24793] >f+++++++++ CMIP6/PMIP/INM/INM-CM4-8/past1000/r1i1p1f1/Lmon/nbp/gr1/v20220527/nbp_Lmon_INM-CM4-8_past1000_r1i1p1f1_gr1_131001-140912.nc
2022/09/29 15:54:25 [24793] >f+++++++++ CMIP6/PMIP/INM/INM-CM4-8/past1000/r1i1p1f1/Lmon/nbp/gr1/v20220527/nbp_Lmon_INM-CM4-8_past1000_r1i1p1f1_gr1_141001-150912.nc
2022/09/29 15:59:15 [24793] >f+++++++++ CMIP6/PMIP/INM/INM-CM4-8/past1000/r1i1p1f1/Lmon/nbp/gr1/v20220527/nbp_Lmon_INM-CM4-8_past1000_r1i1p1f1_gr1_151001-160912.nc
2022/09/29 16:01:13 [24793] >f+++++++++ CMIP6/PMIP/INM/INM-CM4-8/past1000/r1i1p1f1/Lmon/nbp/gr1/v20220527/nbp_Lmon_INM-CM4-8_past1000_r1i1p1f1_gr1_161001-164912.nc
2022/09/29 16:01:13 [24793] .d..t...... CMIP6/PMIP/INM/INM-CM4-8/past1000/r1i1p1f1/Lmon/npp/
2022/09/29 16:01:13 [24793] .d..t...... CMIP6/PMIP/INM/INM-CM4-8/past1000/r1i1p1f1/Lmon/npp/gr1/
2022/09/29 16:06:04 [24793] >f+++++++++ CMIP6/PMIP/INM/INM-CM4-8/past1000/r1i1p1f1/Lmon/npp/gr1/v20220526/npp_Lmon_INM-CM4-8_past1000_r1i1p1f1_gr1_085001-094912.nc
2022/09/29 16:10:54 [24793] >f+++++++++ CMIP6/PMIP/INM/INM-CM4-8/past1000/r1i1p1f1/Lmon/npp/gr1/v20220526/npp_Lmon_INM-CM4-8_past1000_r1i1p1f1_gr1_095001-104912.nc
2022/09/29 16:13:46 [24793] >f+++++++++ CMIP6/PMIP/INM/INM-CM4-8/past1000/r1i1p1f1/Lmon/npp/gr1/v20220526/npp_Lmon_INM-CM4-8_past1000_r1i1p1f1_gr1_105001-110812.nc
2022/09/29 16:18:37 [24793] >f+++++++++ CMIP6/PMIP/INM/INM-CM4-8/past1000/r1i1p1f1/Lmon/npp/gr1/v20220526/npp_Lmon_INM-CM4-8_past1000_r1i1p1f1_gr1_165001-174912.nc
2022/09/29 16:23:31 [24793] >f+++++++++ CMIP6/PMIP/INM/INM-CM4-8/past1000/r1i1p1f1/Lmon/npp/gr1/v20220526/npp_Lmon_INM-CM4-8_past1000_r1i1p1f1_gr1_175001-184912.nc
2022/09/29 16:28:22 [24793] >f+++++++++ CMIP6/PMIP/INM/INM-CM4-8/past1000/r1i1p1f1/Lmon/npp/gr1/v20220527/npp_Lmon_INM-CM4-8_past1000_r1i1p1f1_gr1_111001-120912.nc
2022/09/29 16:33:11 [24793] >f+++++++++ CMIP6/PMIP/INM/INM-CM4-8/past1000/r1i1p1f1/Lmon/npp/gr1/v20220527/npp_Lmon_INM-CM4-8_past1000_r1i1p1f1_gr1_121001-130912.nc
2022/09/29 16:38:02 [24793] >f+++++++++ CMIP6/PMIP/INM/INM-CM4-8/past1000/r1i1p1f1/Lmon/npp/gr1/v20220527/npp_Lmon_INM-CM4-8_past1000_r1i1p1f1_gr1_131001-140912.nc
2022/09/29 16:42:55 [24793] >f+++++++++ CMIP6/PMIP/INM/INM-CM4-8/past1000/r1i1p1f1/Lmon/npp/gr1/v20220527/npp_Lmon_INM-CM4-8_past1000_r1i1p1f1_gr1_141001-150912.nc
2022/09/29 16:47:45 [24793] >f+++++++++ CMIP6/PMIP/INM/INM-CM4-8/past1000/r1i1p1f1/Lmon/npp/gr1/v20220527/npp_Lmon_INM-CM4-8_past1000_r1i1p1f1_gr1_151001-160912.nc
2022/09/29 16:49:43 [24793] >f+++++++++ CMIP6/PMIP/INM/INM-CM4-8/past1000/r1i1p1f1/Lmon/npp/gr1/v20220527/npp_Lmon_INM-CM4-8_past1000_r1i1p1f1_gr1_161001-164912.nc
2022/09/29 16:49:43 [24793] .d..t...... CMIP6/PMIP/INM/INM-CM4-8/past1000/r1i1p1f1/Lmon/ra/
2022/09/29 16:49:43 [24793] .d..t...... CMIP6/PMIP/INM/INM-CM4-8/past1000/r1i1p1f1/Lmon/ra/gr1/
2022/09/29 16:54:33 [24793] >f+++++++++ CMIP6/PMIP/INM/INM-CM4-8/past1000/r1i1p1f1/Lmon/ra/gr1/v20220526/ra_Lmon_INM-CM4-8_past1000_r1i1p1f1_gr1_085001-094912.nc
2022/09/29 16:59:26 [24793] >f+++++++++ CMIP6/PMIP/INM/INM-CM4-8/past1000/r1i1p1f1/Lmon/ra/gr1/v20220526/ra_Lmon_INM-CM4-8_past1000_r1i1p1f1_gr1_095001-104912.nc
2022/09/29 17:02:18 [24793] >f+++++++++ CMIP6/PMIP/INM/INM-CM4-8/past1000/r1i1p1f1/Lmon/ra/gr1/v20220526/ra_Lmon_INM-CM4-8_past1000_r1i1p1f1_gr1_105001-110812.nc
2022/09/29 17:07:09 [24793] >f+++++++++ CMIP6/PMIP/INM/INM-CM4-8/past1000/r1i1p1f1/Lmon/ra/gr1/v20220526/ra_Lmon_INM-CM4-8_past1000_r1i1p1f1_gr1_165001-174912.nc
2022/09/29 17:12:01 [24793] >f+++++++++ CMIP6/PMIP/INM/INM-CM4-8/past1000/r1i1p1f1/Lmon/ra/gr1/v20220526/ra_Lmon_INM-CM4-8_past1000_r1i1p1f1_gr1_175001-184912.nc
2022/09/29 17:16:51 [24793] >f+++++++++ CMIP6/PMIP/INM/INM-CM4-8/past1000/r1i1p1f1/Lmon/ra/gr1/v20220527/ra_Lmon_INM-CM4-8_past1000_r1i1p1f1_gr1_111001-120912.nc
2022/09/29 17:21:41 [24793] >f+++++++++ CMIP6/PMIP/INM/INM-CM4-8/past1000/r1i1p1f1/Lmon/ra/gr1/v20220527/ra_Lmon_INM-CM4-8_past1000_r1i1p1f1_gr1_121001-130912.nc
2022/09/29 17:26:33 [24793] >f+++++++++ CMIP6/PMIP/INM/INM-CM4-8/past1000/r1i1p1f1/Lmon/ra/gr1/v20220527/ra_Lmon_INM-CM4-8_past1000_r1i1p1f1_gr1_131001-140912.nc
2022/09/29 17:31:25 [24793] >f+++++++++ CMIP6/PMIP/INM/INM-CM4-8/past1000/r1i1p1f1/Lmon/ra/gr1/v20220527/ra_Lmon_INM-CM4-8_past1000_r1i1p1f1_gr1_141001-150912.nc
2022/09/29 17:36:18 [24793] >f+++++++++ CMIP6/PMIP/INM/INM-CM4-8/past1000/r1i1p1f1/Lmon/ra/gr1/v20220527/ra_Lmon_INM-CM4-8_past1000_r1i1p1f1_gr1_151001-160912.nc
2022/09/29 17:38:18 [24793] >f+++++++++ CMIP6/PMIP/INM/INM-CM4-8/past1000/r1i1p1f1/Lmon/ra/gr1/v20220527/ra_Lmon_INM-CM4-8_past1000_r1i1p1f1_gr1_161001-164912.nc
2022/09/29 17:38:18 [24793] .d..t...... CMIP6/PMIP/INM/INM-CM4-8/past1000/r1i1p1f1/Lmon/shrubFrac/
2022/09/29 17:38:18 [24793] .d..t...... CMIP6/PMIP/INM/INM-CM4-8/past1000/r1i1p1f1/Lmon/shrubFrac/gr1/
2022/09/29 17:43:10 [24793] >f+++++++++ CMIP6/PMIP/INM/INM-CM4-8/past1000/r1i1p1f1/Lmon/shrubFrac/gr1/v20220526/shrubFrac_Lmon_INM-CM4-8_past1000_r1i1p1f1_gr1_085001-094912.nc
2022/09/29 17:48:01 [24793] >f+++++++++ CMIP6/PMIP/INM/INM-CM4-8/past1000/r1i1p1f1/Lmon/shrubFrac/gr1/v20220526/shrubFrac_Lmon_INM-CM4-8_past1000_r1i1p1f1_gr1_095001-104912.nc
2022/09/29 17:50:54 [24793] >f+++++++++ CMIP6/PMIP/INM/INM-CM4-8/past1000/r1i1p1f1/Lmon/shrubFrac/gr1/v20220526/shrubFrac_Lmon_INM-CM4-8_past1000_r1i1p1f1_gr1_105001-110812.nc
2022/09/29 17:55:46 [24793] >f+++++++++ CMIP6/PMIP/INM/INM-CM4-8/past1000/r1i1p1f1/Lmon/shrubFrac/gr1/v20220526/shrubFrac_Lmon_INM-CM4-8_past1000_r1i1p1f1_gr1_165001-174912.nc
2022/09/29 18:00:39 [24793] >f+++++++++ CMIP6/PMIP/INM/INM-CM4-8/past1000/r1i1p1f1/Lmon/shrubFrac/gr1/v20220526/shrubFrac_Lmon_INM-CM4-8_past1000_r1i1p1f1_gr1_175001-184912.nc
2022/09/29 18:05:32 [24793] >f+++++++++ CMIP6/PMIP/INM/INM-CM4-8/past1000/r1i1p1f1/Lmon/shrubFrac/gr1/v20220527/shrubFrac_Lmon_INM-CM4-8_past1000_r1i1p1f1_gr1_111001-120912.nc
2022/09/29 18:10:30 [24793] >f+++++++++ CMIP6/PMIP/INM/INM-CM4-8/past1000/r1i1p1f1/Lmon/shrubFrac/gr1/v20220527/shrubFrac_Lmon_INM-CM4-8_past1000_r1i1p1f1_gr1_121001-130912.nc
2022/09/29 18:15:46 [24793] >f+++++++++ CMIP6/PMIP/INM/INM-CM4-8/past1000/r1i1p1f1/Lmon/shrubFrac/gr1/v20220527/shrubFrac_Lmon_INM-CM4-8_past1000_r1i1p1f1_gr1_131001-140912.nc
2022/09/29 18:21:34 [24793] >f+++++++++ CMIP6/PMIP/INM/INM-CM4-8/past1000/r1i1p1f1/Lmon/shrubFrac/gr1/v20220527/shrubFrac_Lmon_INM-CM4-8_past1000_r1i1p1f1_gr1_141001-150912.nc
2022/09/29 18:27:44 [24793] >f+++++++++ CMIP6/PMIP/INM/INM-CM4-8/past1000/r1i1p1f1/Lmon/shrubFrac/gr1/v20220527/shrubFrac_Lmon_INM-CM4-8_past1000_r1i1p1f1_gr1_151001-160912.nc
2022/09/29 18:30:57 [24793] >f+++++++++ CMIP6/PMIP/INM/INM-CM4-8/past1000/r1i1p1f1/Lmon/shrubFrac/gr1/v20220527/shrubFrac_Lmon_INM-CM4-8_past1000_r1i1p1f1_gr1_161001-164912.nc
2022/09/29 18:30:57 [24793] .d..t...... CMIP6/PMIP/INM/INM-CM4-8/past1000/r1i1p1f1/Lmon/treeFrac/
2022/09/29 18:30:57 [24793] .d..t...... CMIP6/PMIP/INM/INM-CM4-8/past1000/r1i1p1f1/Lmon/treeFrac/gr1/
2022/09/29 18:38:44 [24793] >f+++++++++ CMIP6/PMIP/INM/INM-CM4-8/past1000/r1i1p1f1/Lmon/treeFrac/gr1/v20220526/treeFrac_Lmon_INM-CM4-8_past1000_r1i1p1f1_gr1_085001-094912.nc
2022/09/29 18:46:34 [24793] >f+++++++++ CMIP6/PMIP/INM/INM-CM4-8/past1000/r1i1p1f1/Lmon/treeFrac/gr1/v20220526/treeFrac_Lmon_INM-CM4-8_past1000_r1i1p1f1_gr1_095001-104912.nc
2022/09/29 18:50:50 [24793] >f+++++++++ CMIP6/PMIP/INM/INM-CM4-8/past1000/r1i1p1f1/Lmon/treeFrac/gr1/v20220526/treeFrac_Lmon_INM-CM4-8_past1000_r1i1p1f1_gr1_105001-110812.nc
2022/09/29 18:57:18 [24793] >f+++++++++ CMIP6/PMIP/INM/INM-CM4-8/past1000/r1i1p1f1/Lmon/treeFrac/gr1/v20220526/treeFrac_Lmon_INM-CM4-8_past1000_r1i1p1f1_gr1_165001-174912.nc
2022/09/29 19:04:20 [24793] >f+++++++++ CMIP6/PMIP/INM/INM-CM4-8/past1000/r1i1p1f1/Lmon/treeFrac/gr1/v20220526/treeFrac_Lmon_INM-CM4-8_past1000_r1i1p1f1_gr1_175001-184912.nc
2022/09/29 19:12:33 [24793] >f+++++++++ CMIP6/PMIP/INM/INM-CM4-8/past1000/r1i1p1f1/Lmon/treeFrac/gr1/v20220527/treeFrac_Lmon_INM-CM4-8_past1000_r1i1p1f1_gr1_111001-120912.nc
2022/09/29 19:19:07 [24793] >f+++++++++ CMIP6/PMIP/INM/INM-CM4-8/past1000/r1i1p1f1/Lmon/treeFrac/gr1/v20220527/treeFrac_Lmon_INM-CM4-8_past1000_r1i1p1f1_gr1_121001-130912.nc
2022/09/29 19:25:53 [24793] >f+++++++++ CMIP6/PMIP/INM/INM-CM4-8/past1000/r1i1p1f1/Lmon/treeFrac/gr1/v20220527/treeFrac_Lmon_INM-CM4-8_past1000_r1i1p1f1_gr1_131001-140912.nc
2022/09/29 19:32:37 [24793] >f+++++++++ CMIP6/PMIP/INM/INM-CM4-8/past1000/r1i1p1f1/Lmon/treeFrac/gr1/v20220527/treeFrac_Lmon_INM-CM4-8_past1000_r1i1p1f1_gr1_141001-150912.nc
2022/09/29 19:38:39 [24793] >f+++++++++ CMIP6/PMIP/INM/INM-CM4-8/past1000/r1i1p1f1/Lmon/treeFrac/gr1/v20220527/treeFrac_Lmon_INM-CM4-8_past1000_r1i1p1f1_gr1_151001-160912.nc
2022/09/29 19:41:00 [24793] >f+++++++++ CMIP6/PMIP/INM/INM-CM4-8/past1000/r1i1p1f1/Lmon/treeFrac/gr1/v20220527/treeFrac_Lmon_INM-CM4-8_past1000_r1i1p1f1_gr1_161001-164912.nc
2022/09/29 19:41:00 [24793] sent 18,506,118,022 bytes  received 8,497 bytes  155,398.10 bytes/sec
2022/09/29 19:41:00 [24793] total size is 90,156,410,096  speedup is 4.87
